Warning message:
package 'WeightIt' was built under R version 4.4.3 
Warning message:
package 'MatchIt' was built under R version 4.4.3 
Warning messages:
1: package 'marginaleffects' was built under R version 4.4.3 
2: In dir.create(dn, recursive = TRUE) :
  'C:\Users\Wei-Chen.Chen\AppData\Roaming\R\config\R\marginaleffects' already exists
1 1 1 Thu May  8 10:21:17 2025 
1 1 2 Thu May  8 11:13:48 2025 
1 1 3 Thu May  8 12:06:02 2025 
1 1 4 Thu May  8 12:59:10 2025 
1 1 5 Thu May  8 13:53:06 2025 
1 1 6 Thu May  8 14:45:50 2025 
1 1 7 Thu May  8 15:37:32 2025 
OC:
     xi a trt.eff    vcov.med   vcov.1st   vcov.mean vcov.mcvar indep.med
[1,]  1 1     0.0 0.009333333 0.06533333 0.001333333 0.05366667 0.9996667
[2,]  1 1     0.1 0.104333333 0.17666667 0.028000000 0.26066667 1.0000000
[3,]  1 1     0.2 0.531000000 0.51766667 0.298666667 0.75766667 0.9996667
[4,]  1 1     0.3 0.913000000 0.83666667 0.779333333 0.97500000 0.9993333
[5,]  1 1     0.4 0.995666667 0.97200000 0.980333333 0.99966667 1.0000000
[6,]  1 1     0.5 1.000000000 0.99766667 0.998666667 1.00000000 1.0000000
[7,]  1 1     0.6 1.000000000 1.00000000 1.000000000 1.00000000 1.0000000
     indep.1st indep.mean indep.mcvar  ps.weight    ps.match
[1,] 0.7700000  0.1370000           0 0.05266667 0.003333333
[2,] 0.7746667  0.1423333           0 0.27666667 0.005000000
[3,] 0.7736667  0.1610000           0 0.77566667 0.010666667
[4,] 0.7886667  0.1866667           0 0.97933333 0.034333333
[5,] 0.7956667  0.2186667           0 1.00000000 0.091333333
[6,] 0.8240000  0.2506667           0 1.00000000 0.170000000
[7,] 0.8326667  0.3300000           0 1.00000000 0.326000000
Bias:
     xi a trt.eff      vcov.med      vcov.1st     vcov.mean    vcov.mcvar
[1,]  1 1     0.0  7.543144e-04  0.0016358726  0.0009178283  0.0009178283
[2,]  1 1     0.1  1.019688e-03  0.0005154274  0.0011308133  0.0011308133
[3,]  1 1     0.2  1.989405e-03  0.0035116968  0.0018164213  0.0018164213
[4,]  1 1     0.3  6.162472e-04  0.0002310661  0.0005597025  0.0005597025
[5,]  1 1     0.4 -8.770695e-05 -0.0018907641 -0.0001919261 -0.0001919261
[6,]  1 1     0.5 -3.114794e-03 -0.0027866413 -0.0029434665 -0.0029434665
[7,]  1 1     0.6  4.146705e-03  0.0008702912  0.0041548976  0.0041548976
         indep.med    indep.1st    indep.mean   indep.mcvar     ps.weight
[1,] -0.0062293345 -0.002421130 -0.0007964435 -0.0007964435  0.0005786801
[2,]  0.0014354542  0.013705751  0.0036562965  0.0036562965  0.0007680590
[3,]  0.0008151576  0.005919287  0.0014451682  0.0014451682  0.0020844437
[4,] -0.0026172665  0.013098934  0.0001055901  0.0001055901  0.0003613436
[5,]  0.0036738867  0.006442599  0.0040315314  0.0040315314 -0.0000795457
[6,] -0.0029135558 -0.010651289 -0.0064626449 -0.0064626449 -0.0029698846
[7,]  0.0015763382  0.021521415  0.0032277412  0.0032277412  0.0040110928
          ps.match
[1,]  0.0004942559
[2,]  0.0051269737
[3,] -0.0022778377
[4,]  0.0002604111
[5,] -0.0023757040
[6,] -0.0076133431
[7,]  0.0047775482
MSE:
     xi a trt.eff    vcov.med   vcov.1st   vcov.mean  vcov.mcvar  indep.med
[1,]  1 1     0.0 0.005882643 0.01133740 0.005742112 0.005742112 0.03480918
[2,]  1 1     0.1 0.005768494 0.01102199 0.005667785 0.005667785 0.03510885
[3,]  1 1     0.2 0.005755944 0.01137954 0.005664613 0.005664613 0.03500248
[4,]  1 1     0.3 0.005907129 0.01110381 0.005822533 0.005822533 0.03504149
[5,]  1 1     0.4 0.005824681 0.01156797 0.005709904 0.005709904 0.03466846
[6,]  1 1     0.5 0.005752635 0.01111166 0.005634361 0.005634361 0.03617087
[7,]  1 1     0.6 0.005648291 0.01078414 0.005590958 0.005590958 0.03485929
     indep.1st indep.mean indep.mcvar   ps.weight   ps.match
[1,] 0.5903382 0.02588017  0.02588017 0.005646255 0.05273235
[2,] 0.5824735 0.02527110  0.02527110 0.005498559 0.05218391
[3,] 0.5783743 0.02522062  0.02522062 0.005493830 0.05229306
[4,] 0.5866073 0.02550108  0.02550108 0.005616662 0.05407125
[5,] 0.5935271 0.02562035  0.02562035 0.005576426 0.05487694
[6,] 0.5916000 0.02550851  0.02550851 0.005542852 0.05489307
[7,] 0.6219948 0.02545782  0.02545782 0.005479064 0.05133398
CI coverage rate:
     xi a trt.eff  vcov.med  vcov.1st vcov.mean vcov.mcvar indep.med indep.1st
[1,]  1 1     0.0 0.9906667 0.9346667 0.9906667  0.9463333 0.7666667 0.2300000
[2,]  1 1     0.1 0.9903333 0.9343333 0.9913333  0.9556667 0.7626667 0.2266667
[3,]  1 1     0.2 0.9906667 0.9333333 0.9893333  0.9500000 0.7606667 0.2273333
[4,]  1 1     0.3 0.9890000 0.9380000 0.9890000  0.9493333 0.7533333 0.2313333
[5,]  1 1     0.4 0.9900000 0.9330000 0.9923333  0.9496667 0.7650000 0.2243333
[6,]  1 1     0.5 0.9893333 0.9386667 0.9910000  0.9486667 0.7463333 0.2256667
[7,]  1 1     0.6 0.9900000 0.9420000 0.9910000  0.9510000 0.7610000 0.2290000
     indep.mean indep.mcvar ps.weight  ps.match
[1,]  0.8426667           1 0.9473333 0.9966667
[2,]  0.8483333           1 0.9556667 0.9960000
[3,]  0.8473333           1 0.9526667 0.9963333
[4,]  0.8400000           1 0.9436667 0.9963333
[5,]  0.8473333           1 0.9486667 0.9953333
[6,]  0.8513333           1 0.9476667 0.9956667
[7,]  0.8443333           1 0.9520000 0.9980000
