1 1 1 Thu May  8 12:39:08 2025 
1 1 2 Thu May  8 12:55:52 2025 
1 1 3 Thu May  8 13:12:22 2025 
1 1 4 Thu May  8 13:28:50 2025 
1 1 5 Thu May  8 13:45:00 2025 
1 1 6 Thu May  8 14:00:36 2025 
1 1 7 Thu May  8 14:16:08 2025 
OC:
     xi a trt.eff  vcov.med  vcov.1st   vcov.mean vcov.mcvar indep.med
[1,]  1 1     0.0 0.0410000 0.1146667 0.008666667 0.06000000 0.9296667
[2,]  1 1     0.1 0.0610000 0.1433333 0.012666667 0.08233333 0.9263333
[3,]  1 1     0.2 0.1460000 0.2266667 0.054333333 0.19100000 0.9296667
[4,]  1 1     0.3 0.3013333 0.3656667 0.142000000 0.36333333 0.9186667
[5,]  1 1     0.4 0.4973333 0.5093333 0.283666667 0.56033333 0.9370000
[6,]  1 1     0.5 0.6956667 0.6670000 0.473333333 0.75500000 0.9430000
[7,]  1 1     0.6 0.8610000 0.7926667 0.690000000 0.89333333 0.9476667
     indep.1st indep.mean indep.mcvar
[1,] 0.7370000  0.2016667           0
[2,] 0.7343333  0.2173333           0
[3,] 0.7286667  0.2266667           0
[4,] 0.7253333  0.2336667           0
[5,] 0.7180000  0.2443333           0
[6,] 0.7416667  0.2200000           0
[7,] 0.7610000  0.2586667           0
Bias:
     xi a trt.eff      vcov.med      vcov.1st     vcov.mean    vcov.mcvar
[1,]  1 1     0.0 -0.0011160173  0.0016406737 -0.0003677087 -0.0003677087
[2,]  1 1     0.1 -0.0010646146 -0.0026449798 -0.0013803725 -0.0013803725
[3,]  1 1     0.2 -0.0042679452 -0.0025097535 -0.0037693136 -0.0037693136
[4,]  1 1     0.3 -0.0052242590 -0.0001926272 -0.0050416572 -0.0050416572
[5,]  1 1     0.4 -0.0023056849 -0.0060768274 -0.0026104349 -0.0026104349
[6,]  1 1     0.5 -0.0001628668  0.0061866319  0.0003076401  0.0003076401
[7,]  1 1     0.6  0.0031072254 -0.0034362603  0.0021437534  0.0021437534
        indep.med   indep.1st   indep.mean  indep.mcvar
[1,] -0.020093912 -0.01628146 -0.010490067 -0.010490067
[2,] -0.007417335 -0.02619397 -0.002677632 -0.002677632
[3,]  0.004554675 -0.03793620  0.001035003  0.001035003
[4,] -0.013200239  0.01075563 -0.013597225 -0.013597225
[5,] -0.018185171 -0.02235362 -0.014924217 -0.014924217
[6,] -0.001135254 -0.01030250  0.004146435  0.004146435
[7,]  0.015555720  0.01586566  0.012110517  0.012110517
MSE:
     xi a trt.eff   vcov.med   vcov.1st  vcov.mean vcov.mcvar indep.med
[1,]  1 1     0.0 0.03630059 0.06347371 0.03535053 0.03535053 0.2705493
[2,]  1 1     0.1 0.03562052 0.06332656 0.03442202 0.03442202 0.2790630
[3,]  1 1     0.2 0.03489674 0.06315895 0.03375753 0.03375753 0.2803051
[4,]  1 1     0.3 0.03692624 0.06542804 0.03617099 0.03617099 0.2891850
[5,]  1 1     0.4 0.03590580 0.06273622 0.03490806 0.03490806 0.2817080
[6,]  1 1     0.5 0.03707739 0.06506710 0.03567908 0.03567908 0.2778307
[7,]  1 1     0.6 0.03544597 0.06200749 0.03417579 0.03417579 0.2828283
     indep.1st indep.mean indep.mcvar
[1,]  1.891948  0.2102640   0.2102640
[2,]  1.791820  0.2106309   0.2106309
[3,]  1.880362  0.2089209   0.2089209
[4,]  1.848499  0.2096425   0.2096425
[5,]  1.777255  0.2093731   0.2093731
[6,]  1.777724  0.2109981   0.2109981
[7,]  1.846454  0.2152732   0.2152732
CI coverage rate:
     xi a trt.eff  vcov.med  vcov.1st vcov.mean vcov.mcvar indep.med indep.1st
[1,]  1 1     0.0 0.9566667 0.8853333 0.9603333  0.9400000 0.6336667 0.2630000
[2,]  1 1     0.1 0.9666667 0.8840000 0.9713333  0.9510000 0.6343333 0.2653333
[3,]  1 1     0.2 0.9696667 0.8850000 0.9720000  0.9500000 0.6236667 0.2770000
[4,]  1 1     0.3 0.9606667 0.8820000 0.9613333  0.9460000 0.6303333 0.2703333
[5,]  1 1     0.4 0.9626667 0.8860000 0.9670000  0.9496667 0.6283333 0.2740000
[6,]  1 1     0.5 0.9636667 0.8783333 0.9640000  0.9463333 0.6290000 0.2906667
[7,]  1 1     0.6 0.9630000 0.8873333 0.9676667  0.9503333 0.6383333 0.2660000
     indep.mean indep.mcvar
[1,]  0.7083333           1
[2,]  0.7063333           1
[3,]  0.7090000           1
[4,]  0.7133333           1
[5,]  0.7043333           1
[6,]  0.7043333           1
[7,]  0.7023333           1
