1 1 1 Thu May  8 12:39:08 2025 
1 1 2 Thu May  8 12:49:26 2025 
1 1 3 Thu May  8 12:59:39 2025 
1 1 4 Thu May  8 13:09:50 2025 
1 1 5 Thu May  8 13:20:00 2025 
1 1 6 Thu May  8 13:30:10 2025 
1 1 7 Thu May  8 13:40:16 2025 
OC:
     xi a trt.eff   vcov.med  vcov.1st  vcov.mean vcov.mcvar indep.med
[1,]  1 1     0.0 0.04866667 0.1073333 0.01666667 0.05200000 0.8663333
[2,]  1 1     0.1 0.07133333 0.1340000 0.02166667 0.07433333 0.8670000
[3,]  1 1     0.2 0.15666667 0.2233333 0.07533333 0.17300000 0.8810000
[4,]  1 1     0.3 0.32500000 0.3543333 0.17000000 0.34033333 0.8746667
[5,]  1 1     0.4 0.51233333 0.4990000 0.32566667 0.53266667 0.8733333
[6,]  1 1     0.5 0.70300000 0.6610000 0.50433333 0.72933333 0.8973333
[7,]  1 1     0.6 0.84966667 0.7966667 0.70100000 0.87366667 0.8813333
     indep.1st indep.mean  indep.mcvar
[1,] 0.7140000  0.3653333 0.0000000000
[2,] 0.7340000  0.3703333 0.0000000000
[3,] 0.7433333  0.3800000 0.0000000000
[4,] 0.7243333  0.3880000 0.0000000000
[5,] 0.7190000  0.3820000 0.0000000000
[6,] 0.7403333  0.4010000 0.0003333333
[7,] 0.7483333  0.3963333 0.0006666667
Bias:
     xi a trt.eff     vcov.med     vcov.1st     vcov.mean    vcov.mcvar
[1,]  1 1     0.0  0.004147052  0.004186337  0.0045695034  0.0045695034
[2,]  1 1     0.1 -0.004828816 -0.004419748 -0.0047850491 -0.0047850491
[3,]  1 1     0.2 -0.002601889  0.001368102 -0.0013869043 -0.0013869043
[4,]  1 1     0.3  0.002383946  0.001329153  0.0009742735  0.0009742735
[5,]  1 1     0.4 -0.002788995 -0.002933234 -0.0023301662 -0.0023301662
[6,]  1 1     0.5  0.003146183  0.002472508  0.0009165932  0.0009165932
[7,]  1 1     0.6  0.002910512  0.003046949  0.0036905318  0.0036905318
        indep.med    indep.1st   indep.mean  indep.mcvar
[1,]  0.007257504  0.030504836  0.010093129  0.010093129
[2,] -0.010487341 -0.005032537 -0.003760892 -0.003760892
[3,]  0.007354507  0.024557263  0.001399023  0.001399023
[4,]  0.012477173  0.016941050  0.016368636  0.016368636
[5,] -0.008593069 -0.013799213 -0.002955802 -0.002955802
[6,]  0.011258090  0.009644243  0.011447318  0.011447318
[7,]  0.019853159  0.020175564  0.011404634  0.011404634
MSE:
     xi a trt.eff   vcov.med   vcov.1st  vcov.mean vcov.mcvar indep.med
[1,]  1 1     0.0 0.04102089 0.06217958 0.03894461 0.03894461 0.5500791
[2,]  1 1     0.1 0.03894980 0.06123370 0.03665019 0.03665019 0.5928043
[3,]  1 1     0.2 0.03947064 0.06241533 0.03683117 0.03683117 0.5458095
[4,]  1 1     0.3 0.04052528 0.06346885 0.03834641 0.03834641 0.5469037
[5,]  1 1     0.4 0.03999018 0.06264446 0.03754182 0.03754182 0.5238206
[6,]  1 1     0.5 0.03858221 0.06211679 0.03665590 0.03665590 0.5694074
[7,]  1 1     0.6 0.03980555 0.06256167 0.03718979 0.03718979 0.5373866
     indep.1st indep.mean indep.mcvar
[1,]  1.816444  0.3910077   0.3910077
[2,]  1.860283  0.4108846   0.4108846
[3,]  1.772055  0.3756518   0.3756518
[4,]  1.869895  0.3881218   0.3881218
[5,]  1.764371  0.3671944   0.3671944
[6,]  1.858418  0.4027856   0.4027856
[7,]  1.788162  0.3792695   0.3792695
CI coverage rate:
     xi a trt.eff  vcov.med  vcov.1st vcov.mean vcov.mcvar indep.med indep.1st
[1,]  1 1     0.0 0.9513333 0.8926667 0.9583333  0.9480000 0.4880000 0.2860000
[2,]  1 1     0.1 0.9510000 0.8853333 0.9580000  0.9463333 0.4720000 0.2666667
[3,]  1 1     0.2 0.9520000 0.8813333 0.9566667  0.9523333 0.4723333 0.2690000
[4,]  1 1     0.3 0.9506667 0.8866667 0.9580000  0.9480000 0.4736667 0.2740000
[5,]  1 1     0.4 0.9483333 0.8843333 0.9576667  0.9446667 0.4933333 0.2873333
[6,]  1 1     0.5 0.9590000 0.8860000 0.9646667  0.9546667 0.4790000 0.2723333
[7,]  1 1     0.6 0.9546667 0.8846667 0.9653333  0.9510000 0.4946667 0.2663333
     indep.mean indep.mcvar
[1,]  0.5613333           1
[2,]  0.5393333           1
[3,]  0.5630000           1
[4,]  0.5640000           1
[5,]  0.5773333           1
[6,]  0.5546667           1
[7,]  0.5730000           1
