1 1 1 Thu May  8 12:39:08 2025 
1 1 2 Thu May  8 12:49:08 2025 
1 1 3 Thu May  8 12:58:59 2025 
1 1 4 Thu May  8 13:08:46 2025 
1 1 5 Thu May  8 13:18:34 2025 
1 1 6 Thu May  8 13:28:20 2025 
1 1 7 Thu May  8 13:37:57 2025 
OC:
     xi a trt.eff   vcov.med  vcov.1st   vcov.mean vcov.mcvar indep.med
[1,]  1 1     0.0 0.01933333 0.0680000 0.007333333 0.04800000 0.9146667
[2,]  1 1     0.1 0.04066667 0.0920000 0.012333333 0.08766667 0.9266667
[3,]  1 1     0.2 0.12033333 0.1733333 0.059666667 0.22033333 0.9223333
[4,]  1 1     0.3 0.29000000 0.3260000 0.162000000 0.44400000 0.9330000
[5,]  1 1     0.4 0.52800000 0.5096667 0.361000000 0.68633333 0.9256667
[6,]  1 1     0.5 0.75333333 0.6986667 0.589333333 0.86733333 0.9250000
[7,]  1 1     0.6 0.89733333 0.8386667 0.794666667 0.95100000 0.9320000
     indep.1st indep.mean indep.mcvar
[1,] 0.7686667  0.4463333           0
[2,] 0.7846667  0.4796667           0
[3,] 0.7736667  0.4590000           0
[4,] 0.7873333  0.4686667           0
[5,] 0.7810000  0.4696667           0
[6,] 0.7900000  0.4910000           0
[7,] 0.7850000  0.4806667           0
Bias:
     xi a trt.eff      vcov.med      vcov.1st     vcov.mean    vcov.mcvar
[1,]  1 1     0.0  0.0008697742 -0.0016682444  0.0008359148  0.0008359148
[2,]  1 1     0.1  0.0003548084 -0.0017433014  0.0009458100  0.0009458100
[3,]  1 1     0.2 -0.0064108319 -0.0071732418 -0.0053918164 -0.0053918164
[4,]  1 1     0.3  0.0006244928 -0.0004807556 -0.0003447681 -0.0003447681
[5,]  1 1     0.4  0.0028300086  0.0041329945  0.0031309475  0.0031309475
[6,]  1 1     0.5  0.0062755142  0.0061736320  0.0042810183  0.0042810183
[7,]  1 1     0.6  0.0021637525  0.0018343047  0.0022607314  0.0022607314
        indep.med    indep.1st   indep.mean  indep.mcvar
[1,] -0.003014618  0.004072394 -0.001792497 -0.001792497
[2,]  0.032420703  0.074945459  0.018518475  0.018518475
[3,] -0.004896818 -0.021174038  0.001312483  0.001312483
[4,]  0.000222070  0.003217395 -0.002223943 -0.002223943
[5,]  0.005747602 -0.008827475  0.007789474  0.007789474
[6,]  0.012003203  0.014141127  0.010793654  0.010793654
[7,] -0.017518349 -0.001260488 -0.006215129 -0.006215129
MSE:
     xi a trt.eff   vcov.med   vcov.1st  vcov.mean vcov.mcvar indep.med
[1,]  1 1     0.0 0.02908172 0.04610483 0.02727528 0.02727528 0.6965886
[2,]  1 1     0.1 0.02793542 0.04389344 0.02572983 0.02572983 0.7003818
[3,]  1 1     0.2 0.02962388 0.04668584 0.02780168 0.02780168 0.6911576
[4,]  1 1     0.3 0.02906433 0.04506064 0.02690250 0.02690250 0.7182406
[5,]  1 1     0.4 0.02843079 0.04293770 0.02686801 0.02686801 0.6949382
[6,]  1 1     0.5 0.02792739 0.04573378 0.02570402 0.02570402 0.7280711
[7,]  1 1     0.6 0.02779714 0.04348850 0.02624027 0.02624027 0.6985779
     indep.1st indep.mean indep.mcvar
[1,]  2.386453  0.4899347   0.4899347
[2,]  2.300313  0.4992756   0.4992756
[3,]  2.395933  0.4864248   0.4864248
[4,]  2.389223  0.5037714   0.5037714
[5,]  2.354493  0.4886463   0.4886463
[6,]  2.438946  0.4984063   0.4984063
[7,]  2.380059  0.4924124   0.4924124
CI coverage rate:
     xi a trt.eff  vcov.med  vcov.1st vcov.mean vcov.mcvar indep.med indep.1st
[1,]  1 1     0.0 0.9806667 0.9320000 0.9843333  0.9520000 0.4056667 0.2313333
[2,]  1 1     0.1 0.9803333 0.9370000 0.9833333  0.9546667 0.3853333 0.2160000
[3,]  1 1     0.2 0.9770000 0.9316667 0.9823333  0.9446667 0.4000000 0.2223333
[4,]  1 1     0.3 0.9770000 0.9343333 0.9816667  0.9450000 0.3876667 0.2226667
[5,]  1 1     0.4 0.9816667 0.9413333 0.9840000  0.9506667 0.4153333 0.2333333
[6,]  1 1     0.5 0.9816667 0.9366667 0.9856667  0.9580000 0.3916667 0.2236667
[7,]  1 1     0.6 0.9796667 0.9410000 0.9836667  0.9440000 0.4000000 0.2380000
     indep.mean indep.mcvar
[1,]  0.4723333           1
[2,]  0.4850000           1
[3,]  0.4793333           1
[4,]  0.4806667           1
[5,]  0.4783333           1
[6,]  0.4783333           1
[7,]  0.4733333           1
