1 1 1 Thu May  8 12:39:08 2025 
1 1 2 Thu May  8 13:21:46 2025 
1 1 3 Thu May  8 14:03:34 2025 
1 1 4 Thu May  8 14:44:45 2025 
1 1 5 Thu May  8 15:25:11 2025 
1 1 6 Thu May  8 16:05:38 2025 
1 1 7 Thu May  8 16:44:44 2025 
OC:
     xi a trt.eff   vcov.med  vcov.1st   vcov.mean vcov.mcvar indep.med
[1,]  1 1     0.0 0.02633333 0.1190000 0.003666667 0.04333333 0.9946667
[2,]  1 1     0.1 0.05833333 0.1493333 0.015333333 0.08900000 0.9953333
[3,]  1 1     0.2 0.14566667 0.2346667 0.039333333 0.20600000 0.9956667
[4,]  1 1     0.3 0.29033333 0.3570000 0.110333333 0.36900000 0.9976667
[5,]  1 1     0.4 0.51466667 0.5173333 0.254666667 0.59566667 0.9963333
[6,]  1 1     0.5 0.71366667 0.6593333 0.458666667 0.78600000 0.9973333
[7,]  1 1     0.6 0.87133333 0.7873333 0.668666667 0.90433333 0.9980000
     indep.1st indep.mean indep.mcvar
[1,] 0.7213333 0.06100000           0
[2,] 0.7276667 0.05833333           0
[3,] 0.7296667 0.06000000           0
[4,] 0.7183333 0.06566667           0
[5,] 0.7436667 0.07666667           0
[6,] 0.7553333 0.08533333           0
[7,] 0.7520000 0.09633333           0
Bias:
     xi a trt.eff      vcov.med      vcov.1st     vcov.mean    vcov.mcvar
[1,]  1 1     0.0  1.518377e-03  0.0007397497  0.0017144992  0.0017144992
[2,]  1 1     0.1  3.092055e-03  0.0017240224  0.0026676198  0.0026676198
[3,]  1 1     0.2 -2.164849e-03 -0.0004359165 -0.0021276881 -0.0021276881
[4,]  1 1     0.3 -3.424280e-03 -0.0024695394 -0.0030005347 -0.0030005347
[5,]  1 1     0.4 -4.873241e-04 -0.0010504613 -0.0002160851 -0.0002160851
[6,]  1 1     0.5  1.086163e-03  0.0012757173  0.0005752345  0.0005752345
[7,]  1 1     0.6  7.396736e-05 -0.0074497836 -0.0003493196 -0.0003493196
        indep.med    indep.1st    indep.mean   indep.mcvar
[1,]  0.003324388  0.034881869  0.0044587775  0.0044587775
[2,]  0.005248820  0.039480759  0.0019306863  0.0019306863
[3,]  0.002447916  0.014533498 -0.0015102101 -0.0015102101
[4,] -0.006467305 -0.005616357 -0.0060171524 -0.0060171524
[5,]  0.003382260 -0.010428133 -0.0024308699 -0.0024308699
[6,]  0.010787507  0.030351088  0.0092171797  0.0092171797
[7,]  0.004045087  0.017640444  0.0008094642  0.0008094642
MSE:
     xi a trt.eff   vcov.med   vcov.1st  vcov.mean vcov.mcvar indep.med
[1,]  1 1     0.0 0.03179774 0.06334859 0.03137673 0.03137673 0.1173466
[2,]  1 1     0.1 0.03314956 0.06359095 0.03278550 0.03278550 0.1213515
[3,]  1 1     0.2 0.03405606 0.06345718 0.03359620 0.03359620 0.1209911
[4,]  1 1     0.3 0.03308467 0.06401658 0.03274319 0.03274319 0.1194833
[5,]  1 1     0.4 0.03257843 0.06182464 0.03194099 0.03194099 0.1201326
[6,]  1 1     0.5 0.03373305 0.06213693 0.03290626 0.03290626 0.1248852
[7,]  1 1     0.6 0.03276575 0.06604146 0.03235870 0.03235870 0.1258844
     indep.1st indep.mean indep.mcvar
[1,]  1.745994 0.08681126  0.08681126
[2,]  1.840673 0.08948545  0.08948545
[3,]  1.899408 0.09128352  0.09128352
[4,]  1.831354 0.08999893  0.08999893
[5,]  1.899463 0.08904929  0.08904929
[6,]  1.856969 0.09465353  0.09465353
[7,]  1.820706 0.09030791  0.09030791
CI coverage rate:
     xi a trt.eff  vcov.med  vcov.1st vcov.mean vcov.mcvar indep.med indep.1st
[1,]  1 1     0.0 0.9736667 0.8810000 0.9740000  0.9566667 0.8310000 0.2786667
[2,]  1 1     0.1 0.9640000 0.8820000 0.9670000  0.9503333 0.8320000 0.2786667
[3,]  1 1     0.2 0.9673333 0.8840000 0.9690000  0.9470000 0.8316667 0.2660000
[4,]  1 1     0.3 0.9680000 0.8853333 0.9693333  0.9476667 0.8316667 0.2890000
[5,]  1 1     0.4 0.9703333 0.8846667 0.9716667  0.9540000 0.8306667 0.2603333
[6,]  1 1     0.5 0.9690000 0.8833333 0.9723333  0.9480000 0.8230000 0.2753333
[7,]  1 1     0.6 0.9733333 0.8733333 0.9743333  0.9520000 0.8203333 0.2736667
     indep.mean indep.mcvar
[1,]  0.8983333           1
[2,]  0.8966667           1
[3,]  0.8870000           1
[4,]  0.8906667           1
[5,]  0.8836667           1
[6,]  0.8793333           1
[7,]  0.8953333           1
