1 1 1 Thu May  8 12:39:08 2025 
1 1 2 Thu May  8 13:20:49 2025 
1 1 3 Thu May  8 14:00:53 2025 
1 1 4 Thu May  8 14:39:25 2025 
1 1 5 Thu May  8 15:17:09 2025 
1 1 6 Thu May  8 15:54:54 2025 
1 1 7 Thu May  8 16:32:26 2025 
OC:
     xi a trt.eff   vcov.med   vcov.1st    vcov.mean vcov.mcvar indep.med
[1,]  1 1     0.0 0.00600000 0.05833333 0.0006666667 0.04900000 0.9996667
[2,]  1 1     0.1 0.02866667 0.08533333 0.0050000000 0.09566667 0.9993333
[3,]  1 1     0.2 0.10333333 0.18466667 0.0286666667 0.26233333 0.9993333
[4,]  1 1     0.3 0.27733333 0.34033333 0.1163333333 0.50600000 1.0000000
[5,]  1 1     0.4 0.51800000 0.50933333 0.2903333333 0.74600000 0.9996667
[6,]  1 1     0.5 0.75833333 0.69133333 0.5226666667 0.90833333 0.9996667
[7,]  1 1     0.6 0.91133333 0.84033333 0.7840000000 0.97433333 1.0000000
     indep.1st indep.mean indep.mcvar
[1,] 0.7680000  0.1430000           0
[2,] 0.7783333  0.1390000           0
[3,] 0.7846667  0.1506667           0
[4,] 0.7783333  0.1456667           0
[5,] 0.7943333  0.1593333           0
[6,] 0.7826667  0.1613333           0
[7,] 0.7963333  0.1836667           0
Bias:
     xi a trt.eff      vcov.med     vcov.1st    vcov.mean   vcov.mcvar
[1,]  1 1     0.0  0.0048013536  0.004277283  0.005052849  0.005052849
[2,]  1 1     0.1  0.0011058913 -0.003984249  0.001125405  0.001125405
[3,]  1 1     0.2 -0.0022614833  0.001477328 -0.002344194 -0.002344194
[4,]  1 1     0.3  0.0032763078  0.003955383  0.002520420  0.002520420
[5,]  1 1     0.4  0.0020196735 -0.001399689  0.001356303  0.001356303
[6,]  1 1     0.5 -0.0019563135 -0.003772829 -0.002225695 -0.002225695
[7,]  1 1     0.6 -0.0001223361  0.003240712  0.000145694  0.000145694
         indep.med    indep.1st    indep.mean   indep.mcvar
[1,]  0.0065887782  0.010281081  0.0048158911  0.0048158911
[2,]  0.0038215983  0.018150706 -0.0010053857 -0.0010053857
[3,] -0.0055554550 -0.036123328 -0.0104372920 -0.0104372920
[4,] -0.0008523166 -0.009894595  0.0003382347  0.0003382347
[5,]  0.0064239999  0.004862437 -0.0002270436 -0.0002270436
[6,] -0.0114164019  0.007789346 -0.0068488150 -0.0068488150
[7,] -0.0068068616  0.042886724 -0.0072492503 -0.0072492503
MSE:
     xi a trt.eff   vcov.med   vcov.1st  vcov.mean vcov.mcvar indep.med
[1,]  1 1     0.0 0.02271021 0.04420004 0.02263074 0.02263074 0.1407524
[2,]  1 1     0.1 0.02324054 0.04369422 0.02270718 0.02270718 0.1467483
[3,]  1 1     0.2 0.02393768 0.04408729 0.02367346 0.02367346 0.1383562
[4,]  1 1     0.3 0.02340365 0.04364829 0.02302816 0.02302816 0.1394528
[5,]  1 1     0.4 0.02296926 0.04351008 0.02258773 0.02258773 0.1356228
[6,]  1 1     0.5 0.02306262 0.04395307 0.02266279 0.02266279 0.1397631
[7,]  1 1     0.6 0.02197668 0.04316951 0.02160849 0.02160849 0.1305026
     indep.1st indep.mean indep.mcvar
[1,]  2.327425 0.10166153  0.10166153
[2,]  2.447100 0.10140086  0.10140086
[3,]  2.431886 0.09693086  0.09693086
[4,]  2.391551 0.10189392  0.10189392
[5,]  2.394572 0.09743421  0.09743421
[6,]  2.212068 0.10173970  0.10173970
[7,]  2.347607 0.09589877  0.09589877
CI coverage rate:
     xi a trt.eff  vcov.med  vcov.1st vcov.mean vcov.mcvar indep.med indep.1st
[1,]  1 1     0.0 0.9936667 0.9416667 0.9936667  0.9510000 0.7513333 0.2320000
[2,]  1 1     0.1 0.9920000 0.9410000 0.9930000  0.9510000 0.7430000 0.2310000
[3,]  1 1     0.2 0.9900000 0.9393333 0.9903333  0.9516667 0.7576667 0.2213333
[4,]  1 1     0.3 0.9883333 0.9410000 0.9876667  0.9500000 0.7593333 0.2256667
[5,]  1 1     0.4 0.9916667 0.9376667 0.9913333  0.9503333 0.7676667 0.2266667
[6,]  1 1     0.5 0.9910000 0.9366667 0.9920000  0.9486667 0.7686667 0.2363333
[7,]  1 1     0.6 0.9933333 0.9383333 0.9936667  0.9590000 0.7760000 0.2363333
     indep.mean indep.mcvar
[1,]  0.8510000           1
[2,]  0.8386667           1
[3,]  0.8596667           1
[4,]  0.8460000           1
[5,]  0.8500000           1
[6,]  0.8453333           1
[7,]  0.8583333           1
