1 1 1 Thu May  8 12:39:08 2025 
1 1 2 Thu May  8 12:55:58 2025 
1 1 3 Thu May  8 13:12:40 2025 
1 1 4 Thu May  8 13:29:18 2025 
1 1 5 Thu May  8 13:45:46 2025 
1 1 6 Thu May  8 14:01:59 2025 
1 1 7 Thu May  8 14:18:16 2025 
OC:
     xi a trt.eff   vcov.med  vcov.1st   vcov.mean vcov.mcvar indep.med
[1,]  1 1     0.0 0.01333333 0.0630000 0.004333333 0.05433333 0.9670000
[2,]  1 1     0.1 0.03066667 0.0930000 0.007000000 0.08866667 0.9683333
[3,]  1 1     0.2 0.09966667 0.1783333 0.037333333 0.24200000 0.9673333
[4,]  1 1     0.3 0.25866667 0.3236667 0.121333333 0.46766667 0.9703333
[5,]  1 1     0.4 0.50333333 0.5196667 0.308666667 0.72000000 0.9726667
[6,]  1 1     0.5 0.74766667 0.7063333 0.564666667 0.88700000 0.9766667
[7,]  1 1     0.6 0.90133333 0.8276667 0.773333333 0.97066667 0.9780000
     indep.1st indep.mean indep.mcvar
[1,] 0.7610000  0.3300000           0
[2,] 0.7696667  0.3183333           0
[3,] 0.7750000  0.3060000           0
[4,] 0.7793333  0.3210000           0
[5,] 0.7893333  0.3376667           0
[6,] 0.7910000  0.3383333           0
[7,] 0.7783333  0.3526667           0
Bias:
     xi a trt.eff      vcov.med      vcov.1st     vcov.mean    vcov.mcvar
[1,]  1 1     0.0  0.0021992121  0.0008304914  0.0021273238  0.0021273238
[2,]  1 1     0.1 -0.0020636333 -0.0021317899 -0.0016485887 -0.0016485887
[3,]  1 1     0.2 -0.0067134260 -0.0056686089 -0.0067123886 -0.0067123886
[4,]  1 1     0.3 -0.0063628576 -0.0031989771 -0.0058053071 -0.0058053071
[5,]  1 1     0.4  0.0005516999  0.0039862221  0.0004081288  0.0004081288
[6,]  1 1     0.5  0.0030361493  0.0072396914  0.0027364980  0.0027364980
[7,]  1 1     0.6  0.0004851727 -0.0025727241  0.0006626406  0.0006626406
         indep.med    indep.1st   indep.mean  indep.mcvar
[1,]  0.0132554512  0.022039144  0.012704616  0.012704616
[2,] -0.0143924927 -0.013708264 -0.002781888 -0.002781888
[3,]  0.0012314065 -0.017315724  0.005277342  0.005277342
[4,]  0.0002730294  0.026246396  0.003956844  0.003956844
[5,] -0.0041763489  0.028317075 -0.004062033 -0.004062033
[6,]  0.0102247990  0.003494473  0.002027333  0.002027333
[7,] -0.0014459931 -0.004019143  0.001469760  0.001469760
MSE:
     xi a trt.eff   vcov.med   vcov.1st  vcov.mean vcov.mcvar indep.med
[1,]  1 1     0.0 0.02608722 0.04414763 0.02502923 0.02502923 0.3451938
[2,]  1 1     0.1 0.02489858 0.04463411 0.02404835 0.02404835 0.3522956
[3,]  1 1     0.2 0.02528718 0.04459950 0.02425520 0.02425520 0.3420244
[4,]  1 1     0.3 0.02512381 0.04374811 0.02420786 0.02420786 0.3318039
[5,]  1 1     0.4 0.02564061 0.04620237 0.02478816 0.02478816 0.3595666
[6,]  1 1     0.5 0.02487696 0.04403782 0.02392902 0.02392902 0.3428258
[7,]  1 1     0.6 0.02557186 0.04544468 0.02482327 0.02482327 0.3473159
     indep.1st indep.mean indep.mcvar
[1,]  2.356033  0.2586795   0.2586795
[2,]  2.374804  0.2618450   0.2618450
[3,]  2.348828  0.2571735   0.2571735
[4,]  2.465971  0.2502554   0.2502554
[5,]  2.441320  0.2624602   0.2624602
[6,]  2.404684  0.2547027   0.2547027
[7,]  2.397260  0.2566605   0.2566605
CI coverage rate:
     xi a trt.eff  vcov.med  vcov.1st vcov.mean vcov.mcvar indep.med indep.1st
[1,]  1 1     0.0 0.9866667 0.9370000 0.9873333  0.9456667 0.5550000 0.2390000
[2,]  1 1     0.1 0.9843333 0.9363333 0.9853333  0.9513333 0.5456667 0.2290000
[3,]  1 1     0.2 0.9853333 0.9393333 0.9863333  0.9486667 0.5540000 0.2336667
[4,]  1 1     0.3 0.9876667 0.9366667 0.9900000  0.9490000 0.5553333 0.2286667
[5,]  1 1     0.4 0.9860000 0.9373333 0.9866667  0.9500000 0.5440000 0.2196667
[6,]  1 1     0.5 0.9883333 0.9386667 0.9876667  0.9510000 0.5440000 0.2256667
[7,]  1 1     0.6 0.9853333 0.9303333 0.9876667  0.9463333 0.5476667 0.2250000
     indep.mean indep.mcvar
[1,]  0.6346667           1
[2,]  0.6370000           1
[3,]  0.6290000           1
[4,]  0.6343333           1
[5,]  0.6300000           1
[6,]  0.6340000           1
[7,]  0.6270000           1
