1 1 1 Mon May  5 16:32:22 2025 
1 1 2 Mon May  5 16:42:02 2025 
1 1 3 Mon May  5 16:51:39 2025 
1 1 4 Mon May  5 17:01:16 2025 
1 1 5 Mon May  5 17:10:51 2025 
1 1 6 Mon May  5 17:20:29 2025 
1 1 7 Mon May  5 17:30:07 2025 
OC:
     xi a trt.eff   vcov.med   vcov.1st   vcov.mean vcov.mcvar indep.med
[1,]  1 1     0.0 0.02166667 0.06666667 0.006333333  0.0550000 0.9193333
[2,]  1 1     0.1 0.11233333 0.17133333 0.047333333  0.2136667 0.9156667
[3,]  1 1     0.2 0.50000000 0.49500000 0.340333333  0.6840000 0.9260000
[4,]  1 1     0.3 0.88266667 0.82900000 0.774000000  0.9480000 0.9290000
[5,]  1 1     0.4 0.98933333 0.96933333 0.974333333  0.9970000 0.9450000
[6,]  1 1     0.5 1.00000000 0.99866667 0.999666667  1.0000000 0.9536667
[7,]  1 1     0.6 1.00000000 1.00000000 1.000000000  1.0000000 0.9610000
     indep.1st indep.mean  indep.mcvar
[1,] 0.7743333  0.4566667 0.0000000000
[2,] 0.7656667  0.4600000 0.0000000000
[3,] 0.7836667  0.4730000 0.0000000000
[4,] 0.7906667  0.5033333 0.0003333333
[5,] 0.7966667  0.5170000 0.0000000000
[6,] 0.8146667  0.5143333 0.0010000000
[7,] 0.8273333  0.5600000 0.0023333333
Bias:
     xi a trt.eff      vcov.med      vcov.1st     vcov.mean    vcov.mcvar
[1,]  1 1     0.0 -0.0012419103 -0.0022792677 -0.0013409334 -0.0013409334
[2,]  1 1     0.1 -0.0039081758 -0.0022149058 -0.0037081796 -0.0037081796
[3,]  1 1     0.2 -0.0002853330 -0.0006799489 -0.0003414517 -0.0003414517
[4,]  1 1     0.3 -0.0014921630  0.0001800323 -0.0014909689 -0.0014909689
[5,]  1 1     0.4  0.0005626918  0.0002961075  0.0006563989  0.0006563989
[6,]  1 1     0.5 -0.0011986715 -0.0012320371 -0.0009816707 -0.0009816707
[7,]  1 1     0.6 -0.0002116634 -0.0001322375 -0.0004544489 -0.0004544489
         indep.med    indep.1st    indep.mean   indep.mcvar
[1,]  0.0040498731 -0.007224725 -0.0041309955 -0.0041309955
[2,] -0.0001677405 -0.010434757 -0.0040840425 -0.0040840425
[3,]  0.0105170731 -0.002152669  0.0101048485  0.0101048485
[4,] -0.0020450483  0.032392063 -0.0009072333 -0.0009072333
[5,] -0.0138239617 -0.022433653 -0.0068257860 -0.0068257860
[6,] -0.0042654541  0.017719804 -0.0067610566 -0.0067610566
[7,]  0.0008063533  0.012331204  0.0024109618  0.0024109618
MSE:
     xi a trt.eff    vcov.med   vcov.1st   vcov.mean  vcov.mcvar indep.med
[1,]  1 1     0.0 0.007387192 0.01139929 0.006912329 0.006912329 0.1771273
[2,]  1 1     0.1 0.006742467 0.01061236 0.006258890 0.006258890 0.1779916
[3,]  1 1     0.2 0.006681721 0.01138937 0.006281793 0.006281793 0.1788218
[4,]  1 1     0.3 0.007447575 0.01151009 0.006930062 0.006930062 0.1788056
[5,]  1 1     0.4 0.007241507 0.01128840 0.006772343 0.006772343 0.1815658
[6,]  1 1     0.5 0.007331279 0.01113747 0.006926545 0.006926545 0.1765008
[7,]  1 1     0.6 0.007081738 0.01061830 0.006615015 0.006615015 0.1746174
     indep.1st indep.mean indep.mcvar
[1,] 0.5735424  0.1209879   0.1209879
[2,] 0.5876960  0.1277719   0.1277719
[3,] 0.6115430  0.1279268   0.1279268
[4,] 0.5932107  0.1247788   0.1247788
[5,] 0.5931260  0.1255650   0.1255650
[6,] 0.5922865  0.1250077   0.1250077
[7,] 0.5927366  0.1246456   0.1246456
CI coverage rate:
     xi a trt.eff  vcov.med  vcov.1st vcov.mean vcov.mcvar indep.med indep.1st
[1,]  1 1     0.0 0.9783333 0.9333333 0.9820000  0.9450000 0.4013333 0.2256667
[2,]  1 1     0.1 0.9840000 0.9463333 0.9873333  0.9556667 0.4046667 0.2380000
[3,]  1 1     0.2 0.9826667 0.9360000 0.9836667  0.9536667 0.4080000 0.2263333
[4,]  1 1     0.3 0.9786667 0.9373333 0.9786667  0.9476667 0.4093333 0.2216667
[5,]  1 1     0.4 0.9770000 0.9346667 0.9826667  0.9480000 0.4003333 0.2103333
[6,]  1 1     0.5 0.9800000 0.9383333 0.9830000  0.9440000 0.4233333 0.2286667
[7,]  1 1     0.6 0.9803333 0.9393333 0.9830000  0.9496667 0.3970000 0.2186667
     indep.mean indep.mcvar
[1,]  0.4870000           1
[2,]  0.4746667           1
[3,]  0.4730000           1
[4,]  0.4740000           1
[5,]  0.4873333           1
[6,]  0.4796667           1
[7,]  0.4746667           1
