1 1 1 Mon May  5 16:32:22 2025 
1 1 2 Mon May  5 16:42:08 2025 
1 1 3 Mon May  5 16:51:52 2025 
1 1 4 Mon May  5 17:01:36 2025 
1 1 5 Mon May  5 17:11:20 2025 
1 1 6 Mon May  5 17:21:06 2025 
1 1 7 Mon May  5 17:30:55 2025 
OC:
     xi a trt.eff  vcov.med  vcov.1st  vcov.mean vcov.mcvar indep.med indep.1st
[1,]  1 1     0.0 0.0470000 0.1153333 0.01733333 0.05266667 0.8623333 0.7253333
[2,]  1 1     0.1 0.1650000 0.2233333 0.07200000 0.17466667 0.8646667 0.7110000
[3,]  1 1     0.2 0.5206667 0.5100000 0.34033333 0.54166667 0.8760000 0.7253333
[4,]  1 1     0.3 0.8500000 0.7926667 0.71400000 0.86700000 0.8896667 0.7506667
[5,]  1 1     0.4 0.9740000 0.9456667 0.93033333 0.98366667 0.9150000 0.7560000
[6,]  1 1     0.5 0.9986667 0.9936667 0.99133333 0.99800000 0.9276667 0.7856667
[7,]  1 1     0.6 1.0000000 0.9990000 1.00000000 1.00000000 0.9546667 0.8053333
     indep.mean  indep.mcvar
[1,]  0.3743333 0.0000000000
[2,]  0.3653333 0.0000000000
[3,]  0.3756667 0.0000000000
[4,]  0.4050000 0.0006666667
[5,]  0.4500000 0.0016666667
[6,]  0.4743333 0.0010000000
[7,]  0.5363333 0.0056666667
Bias:
     xi a trt.eff      vcov.med     vcov.1st     vcov.mean    vcov.mcvar
[1,]  1 1     0.0 -0.0046877874 -0.005358406 -5.021966e-03 -5.021966e-03
[2,]  1 1     0.1 -0.0002152354 -0.002419899 -1.365006e-03 -1.365006e-03
[3,]  1 1     0.2  0.0031349010  0.003200067  2.560229e-03  2.560229e-03
[4,]  1 1     0.3  0.0010713914 -0.001011759  1.443365e-03  1.443365e-03
[5,]  1 1     0.4 -0.0007520823  0.002308247 -1.213924e-03 -1.213924e-03
[6,]  1 1     0.5  0.0015312892  0.002905544  1.689210e-03  1.689210e-03
[7,]  1 1     0.6 -0.0002941093  0.001707503 -5.891361e-05 -5.891361e-05
         indep.med    indep.1st   indep.mean  indep.mcvar
[1,] -0.0085500377  0.013996595 -0.003050645 -0.003050645
[2,]  0.0066414708 -0.001199833  0.008386668  0.008386668
[3,]  0.0110436841  0.007369029  0.009387244  0.009387244
[4,]  0.0009476546  0.006257809 -0.001706714 -0.001706714
[5,] -0.0004648460 -0.002479704 -0.005261865 -0.005261865
[6,] -0.0005061562 -0.003545055 -0.001574902 -0.001574902
[7,] -0.0037751190  0.001603412  0.003157845  0.003157845
MSE:
     xi a trt.eff    vcov.med   vcov.1st   vcov.mean  vcov.mcvar indep.med
[1,]  1 1     0.0 0.010083918 0.01561669 0.009273885 0.009273885 0.1349715
[2,]  1 1     0.1 0.010223312 0.01552416 0.009665333 0.009665333 0.1304438
[3,]  1 1     0.2 0.010222784 0.01592874 0.009556926 0.009556926 0.1312132
[4,]  1 1     0.3 0.010163171 0.01575759 0.009599681 0.009599681 0.1289375
[5,]  1 1     0.4 0.010326335 0.01551822 0.009521649 0.009521649 0.1371695
[6,]  1 1     0.5 0.010252548 0.01615708 0.009612913 0.009612913 0.1362710
[7,]  1 1     0.6 0.009975471 0.01510810 0.009123112 0.009123112 0.1328488
     indep.1st indep.mean indep.mcvar
[1,] 0.4409401 0.09418809  0.09418809
[2,] 0.4564290 0.09370066  0.09370066
[3,] 0.4378530 0.09543222  0.09543222
[4,] 0.4350614 0.09407583  0.09407583
[5,] 0.4625954 0.09722560  0.09722560
[6,] 0.4463279 0.09733550  0.09733550
[7,] 0.4458583 0.09504867  0.09504867
CI coverage rate:
     xi a trt.eff  vcov.med  vcov.1st vcov.mean vcov.mcvar indep.med indep.1st
[1,]  1 1     0.0 0.9530000 0.8846667 0.9573333  0.9473333 0.4893333 0.2746667
[2,]  1 1     0.1 0.9406667 0.8880000 0.9523333  0.9466667 0.4973333 0.2856667
[3,]  1 1     0.2 0.9530000 0.8750000 0.9600000  0.9483333 0.4883333 0.2746667
[4,]  1 1     0.3 0.9450000 0.8806667 0.9513333  0.9433333 0.5020000 0.2890000
[5,]  1 1     0.4 0.9486667 0.8853333 0.9583333  0.9490000 0.4830000 0.2776667
[6,]  1 1     0.5 0.9480000 0.8733333 0.9570000  0.9476667 0.4746667 0.2736667
[7,]  1 1     0.6 0.9486667 0.8896667 0.9603333  0.9500000 0.4856667 0.2803333
     indep.mean indep.mcvar
[1,]  0.5693333           1
[2,]  0.5696667           1
[3,]  0.5633333           1
[4,]  0.5663333           1
[5,]  0.5590000           1
[6,]  0.5543333           1
[7,]  0.5613333           1
