1 1 1 Mon May  5 16:32:22 2025 
1 1 2 Mon May  5 16:48:29 2025 
1 1 3 Mon May  5 17:04:29 2025 
1 1 4 Mon May  5 17:20:31 2025 
1 1 5 Mon May  5 17:36:35 2025 
1 1 6 Mon May  5 17:52:38 2025 
1 1 7 Mon May  5 18:08:29 2025 
OC:
     xi a trt.eff   vcov.med   vcov.1st   vcov.mean vcov.mcvar indep.med
[1,]  1 1     0.0 0.01133333 0.06166667 0.002333333 0.04966667 0.9686667
[2,]  1 1     0.1 0.11333333 0.18033333 0.044333333 0.25533333 0.9710000
[3,]  1 1     0.2 0.52100000 0.51333333 0.309333333 0.72500000 0.9680000
[4,]  1 1     0.3 0.89766667 0.82600000 0.768333333 0.96900000 0.9750000
[5,]  1 1     0.4 0.99433333 0.96866667 0.975333333 0.99833333 0.9773333
[6,]  1 1     0.5 1.00000000 0.99833333 0.999000000 1.00000000 0.9860000
[7,]  1 1     0.6 1.00000000 1.00000000 1.000000000 1.00000000 0.9883333
     indep.1st indep.mean  indep.mcvar
[1,] 0.7710000  0.3143333 0.0000000000
[2,] 0.7783333  0.3286667 0.0000000000
[3,] 0.7956667  0.3293333 0.0000000000
[4,] 0.8016667  0.3493333 0.0000000000
[5,] 0.7996667  0.3806667 0.0000000000
[6,] 0.8216667  0.4026667 0.0000000000
[7,] 0.8340000  0.4460000 0.0006666667
Bias:
     xi a trt.eff      vcov.med      vcov.1st     vcov.mean    vcov.mcvar
[1,]  1 1     0.0 -7.838004e-05 -6.402109e-05  0.0003813697  0.0003813697
[2,]  1 1     0.1  6.457970e-04  2.783899e-04  0.0009658628  0.0009658628
[3,]  1 1     0.2  2.989000e-04 -7.617746e-04 -0.0001131236 -0.0001131236
[4,]  1 1     0.3  2.044475e-03  6.571532e-04  0.0017857021  0.0017857021
[5,]  1 1     0.4  1.101823e-03 -2.572220e-03  0.0009322468  0.0009322468
[6,]  1 1     0.5  1.579178e-03  9.355588e-04  0.0012571668  0.0012571668
[7,]  1 1     0.6 -1.767822e-03 -2.008717e-03 -0.0016252364 -0.0016252364
        indep.med     indep.1st    indep.mean   indep.mcvar
[1,]  0.004539753 -0.0188713812  2.143255e-03  2.143255e-03
[2,] -0.004830268  0.0078230834 -2.037988e-04 -2.037988e-04
[3,]  0.006924210  0.0071049533  4.223105e-03  4.223105e-03
[4,]  0.006906316  0.0160317673  1.589348e-03  1.589348e-03
[5,] -0.004115989 -0.0122792340  5.172653e-05  5.172653e-05
[6,] -0.006381593 -0.0065394477 -3.504111e-03 -3.504111e-03
[7,] -0.012701721 -0.0009450266 -7.838573e-03 -7.838573e-03
MSE:
     xi a trt.eff    vcov.med   vcov.1st   vcov.mean  vcov.mcvar  indep.med
[1,]  1 1     0.0 0.006209355 0.01116784 0.006021873 0.006021873 0.08717391
[2,]  1 1     0.1 0.006412141 0.01095253 0.006194524 0.006194524 0.08670020
[3,]  1 1     0.2 0.006605948 0.01085656 0.006342207 0.006342207 0.08505078
[4,]  1 1     0.3 0.006665052 0.01145817 0.006415471 0.006415471 0.08702821
[5,]  1 1     0.4 0.006198450 0.01115692 0.006039797 0.006039797 0.08239041
[6,]  1 1     0.5 0.006082359 0.01059548 0.005785544 0.005785544 0.08719581
[7,]  1 1     0.6 0.006230700 0.01103012 0.005992152 0.005992152 0.08734392
     indep.1st indep.mean indep.mcvar
[1,] 0.5958006 0.06455893  0.06455893
[2,] 0.5856693 0.06507467  0.06507467
[3,] 0.6118823 0.06273936  0.06273936
[4,] 0.6023808 0.06326992  0.06326992
[5,] 0.5894208 0.06196893  0.06196893
[6,] 0.5806710 0.06562617  0.06562617
[7,] 0.5993656 0.06494892  0.06494892
CI coverage rate:
     xi a trt.eff  vcov.med  vcov.1st vcov.mean vcov.mcvar indep.med indep.1st
[1,]  1 1     0.0 0.9886667 0.9383333 0.9893333  0.9503333 0.5646667 0.2290000
[2,]  1 1     0.1 0.9876667 0.9373333 0.9876667  0.9486667 0.5433333 0.2263333
[3,]  1 1     0.2 0.9853333 0.9353333 0.9860000  0.9433333 0.5476667 0.2123333
[4,]  1 1     0.3 0.9863333 0.9346667 0.9880000  0.9460000 0.5476667 0.2256667
[5,]  1 1     0.4 0.9900000 0.9350000 0.9913333  0.9496667 0.5746667 0.2333333
[6,]  1 1     0.5 0.9873333 0.9440000 0.9910000  0.9570000 0.5476667 0.2363333
[7,]  1 1     0.6 0.9866667 0.9350000 0.9896667  0.9550000 0.5350000 0.2356667
     indep.mean indep.mcvar
[1,]  0.6356667           1
[2,]  0.6340000           1
[3,]  0.6386667           1
[4,]  0.6253333           1
[5,]  0.6513333           1
[6,]  0.6303333           1
[7,]  0.6166667           1
