1 1 1 Mon May  5 16:32:22 2025 
1 1 2 Mon May  5 16:48:33 2025 
1 1 3 Mon May  5 17:04:39 2025 
1 1 4 Mon May  5 17:20:47 2025 
1 1 5 Mon May  5 17:37:08 2025 
1 1 6 Mon May  5 17:52:44 2025 
1 1 7 Mon May  5 18:07:54 2025 
OC:
     xi a trt.eff   vcov.med  vcov.1st vcov.mean vcov.mcvar indep.med indep.1st
[1,]  1 1     0.0 0.03366667 0.1210000 0.0080000 0.04866667 0.9183333 0.7180000
[2,]  1 1     0.1 0.14933333 0.2376667 0.0530000 0.18600000 0.9260000 0.7216667
[3,]  1 1     0.2 0.49800000 0.5226667 0.2906667 0.56733333 0.9366667 0.7476667
[4,]  1 1     0.3 0.85000000 0.7920000 0.6756667 0.88800000 0.9456667 0.7523333
[5,]  1 1     0.4 0.98366667 0.9496667 0.9320000 0.99000000 0.9590000 0.7643333
[6,]  1 1     0.5 0.99866667 0.9896667 0.9933333 0.99933333 0.9656667 0.7923333
[7,]  1 1     0.6 1.00000000 0.9990000 0.9996667 1.00000000 0.9813333 0.8150000
     indep.mean indep.mcvar
[1,]  0.2036667       0.000
[2,]  0.2253333       0.000
[3,]  0.2473333       0.000
[4,]  0.2693333       0.000
[5,]  0.3010000       0.000
[6,]  0.3393333       0.000
[7,]  0.4030000       0.001
Bias:
     xi a trt.eff      vcov.med      vcov.1st     vcov.mean    vcov.mcvar
[1,]  1 1     0.0 -2.095424e-03 -0.0042884206 -0.0022946293 -0.0022946293
[2,]  1 1     0.1  2.975683e-04  0.0038601062  0.0001992966  0.0001992966
[3,]  1 1     0.2  2.150027e-03  0.0021611868  0.0019780244  0.0019780244
[4,]  1 1     0.3 -1.728130e-03 -0.0004347440 -0.0014753125 -0.0014753125
[5,]  1 1     0.4 -6.952242e-06  0.0014783011  0.0004298598  0.0004298598
[6,]  1 1     0.5 -2.744344e-04  0.0015604813  0.0001146300  0.0001146300
[7,]  1 1     0.6 -3.455651e-04 -0.0005229623 -0.0003558347 -0.0003558347
         indep.med    indep.1st    indep.mean   indep.mcvar
[1,]  0.0054354388 -0.023649433  0.0008697817  0.0008697817
[2,]  0.0036494288  0.002020866  0.0055633905  0.0055633905
[3,]  0.0009936531  0.005924409 -0.0006799896 -0.0006799896
[4,] -0.0056441204  0.001997947 -0.0014287588 -0.0014287588
[5,] -0.0037660505  0.002143020 -0.0061018657 -0.0061018657
[6,] -0.0005783174  0.008183292  0.0017820641  0.0017820641
[7,] -0.0015715754 -0.021770374 -0.0029372118 -0.0029372118
MSE:
     xi a trt.eff    vcov.med   vcov.1st   vcov.mean  vcov.mcvar  indep.med
[1,]  1 1     0.0 0.008924244 0.01600402 0.008538181 0.008538181 0.06861750
[2,]  1 1     0.1 0.008884126 0.01544809 0.008491975 0.008491975 0.06857049
[3,]  1 1     0.2 0.008717888 0.01566193 0.008430442 0.008430442 0.06936651
[4,]  1 1     0.3 0.008608575 0.01480092 0.008314914 0.008314914 0.06827058
[5,]  1 1     0.4 0.009165763 0.01560207 0.008823661 0.008823661 0.06917652
[6,]  1 1     0.5 0.008705372 0.01539565 0.008415675 0.008415675 0.06712922
[7,]  1 1     0.6 0.008680189 0.01572408 0.008335140 0.008335140 0.06618438
     indep.1st indep.mean indep.mcvar
[1,] 0.4560433 0.05269705  0.05269705
[2,] 0.4322959 0.05204572  0.05204572
[3,] 0.4786116 0.05147194  0.05147194
[4,] 0.4583760 0.05211048  0.05211048
[5,] 0.4686414 0.05427290  0.05427290
[6,] 0.4457113 0.05113182  0.05113182
[7,] 0.4495227 0.05141337  0.05141337
CI coverage rate:
     xi a trt.eff  vcov.med  vcov.1st vcov.mean vcov.mcvar indep.med indep.1st
[1,]  1 1     0.0 0.9646667 0.8790000 0.9683333  0.9513333 0.6413333 0.2820000
[2,]  1 1     0.1 0.9640000 0.8826667 0.9683333  0.9503333 0.6440000 0.2766667
[3,]  1 1     0.2 0.9656667 0.8813333 0.9683333  0.9493333 0.6336667 0.2733333
[4,]  1 1     0.3 0.9690000 0.9010000 0.9726667  0.9560000 0.6440000 0.2783333
[5,]  1 1     0.4 0.9636667 0.8836667 0.9660000  0.9466667 0.6303333 0.2626667
[6,]  1 1     0.5 0.9643333 0.8873333 0.9660000  0.9500000 0.6516667 0.2870000
[7,]  1 1     0.6 0.9633333 0.8890000 0.9663333  0.9523333 0.6376667 0.2756667
     indep.mean indep.mcvar
[1,]  0.7076667           1
[2,]  0.7040000           1
[3,]  0.6993333           1
[4,]  0.7163333           1
[5,]  0.6970000           1
[6,]  0.7083333           1
[7,]  0.7120000           1
