1 1 1 Mon May  5 16:32:22 2025 
1 1 2 Mon May  5 17:12:56 2025 
1 1 3 Mon May  5 17:53:35 2025 
1 1 4 Mon May  5 18:33:10 2025 
1 1 5 Mon May  5 19:10:55 2025 
1 1 6 Mon May  5 19:48:36 2025 
1 1 7 Mon May  5 20:27:09 2025 
OC:
     xi a trt.eff   vcov.med  vcov.1st   vcov.mean vcov.mcvar indep.med
[1,]  1 1     0.0 0.02866667 0.1153333 0.004666667  0.0500000 0.9943333
[2,]  1 1     0.1 0.14166667 0.2323333 0.039666667  0.2026667 0.9953333
[3,]  1 1     0.2 0.51333333 0.5023333 0.265666667  0.5956667 0.9960000
[4,]  1 1     0.3 0.86600000 0.7846667 0.671333333  0.9070000 0.9993333
[5,]  1 1     0.4 0.98600000 0.9436667 0.937000000  0.9923333 0.9993333
[6,]  1 1     0.5 0.99866667 0.9873333 0.992333333  1.0000000 0.9996667
[7,]  1 1     0.6 1.00000000 0.9993333 0.999666667  1.0000000 1.0000000
     indep.1st indep.mean indep.mcvar
[1,] 0.7163333 0.05133333           0
[2,] 0.7366667 0.06066667           0
[3,] 0.7333333 0.05866667           0
[4,] 0.7590000 0.09900000           0
[5,] 0.7740000 0.11766667           0
[6,] 0.7873333 0.16800000           0
[7,] 0.8156667 0.25900000           0
Bias:
     xi a trt.eff      vcov.med      vcov.1st     vcov.mean    vcov.mcvar
[1,]  1 1     0.0 -0.0004698231 -0.0015762159 -0.0002592344 -0.0002592344
[2,]  1 1     0.1  0.0009012239  0.0036347485  0.0009031196  0.0009031196
[3,]  1 1     0.2  0.0011951963  0.0002971563  0.0013469441  0.0013469441
[4,]  1 1     0.3 -0.0002552428 -0.0030852675 -0.0003309475 -0.0003309475
[5,]  1 1     0.4 -0.0023411440 -0.0022512850 -0.0021781327 -0.0021781327
[6,]  1 1     0.5 -0.0005830546 -0.0002078136 -0.0003805157 -0.0003805157
[7,]  1 1     0.6  0.0011262752 -0.0016313417  0.0009302836  0.0009302836
         indep.med    indep.1st    indep.mean   indep.mcvar
[1,]  3.050246e-03  0.009854982  0.0010981945  0.0010981945
[2,]  4.435522e-03  0.012205747  0.0040461002  0.0040461002
[3,]  7.070407e-05  0.015616146  0.0021254265  0.0021254265
[4,] -2.553433e-03 -0.001829620 -0.0025806469 -0.0025806469
[5,] -2.434553e-03  0.003377103 -0.0032025461 -0.0032025461
[6,] -3.918026e-03 -0.003038645 -0.0041012305 -0.0041012305
[7,] -9.241965e-04  0.002679340  0.0008928257  0.0008928257
MSE:
     xi a trt.eff    vcov.med   vcov.1st   vcov.mean  vcov.mcvar  indep.med
[1,]  1 1     0.0 0.008196677 0.01555645 0.008049918 0.008049918 0.02944813
[2,]  1 1     0.1 0.008071499 0.01531436 0.007968819 0.007968819 0.02955139
[3,]  1 1     0.2 0.007901655 0.01541243 0.007701617 0.007701617 0.02986221
[4,]  1 1     0.3 0.008150924 0.01590851 0.008074543 0.008074543 0.03038780
[5,]  1 1     0.4 0.008163440 0.01566060 0.008048618 0.008048618 0.02985587
[6,]  1 1     0.5 0.008341487 0.01584155 0.008210891 0.008210891 0.03022394
[7,]  1 1     0.6 0.008133309 0.01539308 0.007959565 0.007959565 0.02855545
     indep.1st indep.mean indep.mcvar
[1,] 0.4554561 0.02218210  0.02218210
[2,] 0.4625558 0.02296201  0.02296201
[3,] 0.4612459 0.02293387  0.02293387
[4,] 0.4544170 0.02322265  0.02322265
[5,] 0.4549468 0.02175310  0.02175310
[6,] 0.4549582 0.02277040  0.02277040
[7,] 0.4474172 0.02190646  0.02190646
CI coverage rate:
     xi a trt.eff  vcov.med  vcov.1st vcov.mean vcov.mcvar indep.med indep.1st
[1,]  1 1     0.0 0.9703333 0.8846667 0.9733333  0.9500000 0.8333333 0.2836667
[2,]  1 1     0.1 0.9740000 0.8866667 0.9716667  0.9516667 0.8373333 0.2640000
[3,]  1 1     0.2 0.9716667 0.8853333 0.9753333  0.9526667 0.8366667 0.2756667
[4,]  1 1     0.3 0.9700000 0.8803333 0.9696667  0.9490000 0.8290000 0.2733333
[5,]  1 1     0.4 0.9703333 0.8866667 0.9720000  0.9506667 0.8363333 0.2860000
[6,]  1 1     0.5 0.9663333 0.8846667 0.9670000  0.9470000 0.8260000 0.2723333
[7,]  1 1     0.6 0.9760000 0.8860000 0.9746667  0.9503333 0.8443333 0.2760000
     indep.mean indep.mcvar
[1,]  0.8910000           1
[2,]  0.8846667           1
[3,]  0.8873333           1
[4,]  0.8826667           1
[5,]  0.8973333           1
[6,]  0.8856667           1
[7,]  0.8896667           1
