1 1 1 Tue May  6 10:51:41 2025 
1 1 2 Tue May  6 11:05:07 2025 
1 1 3 Tue May  6 11:18:28 2025 
1 1 4 Tue May  6 11:31:49 2025 
1 1 5 Tue May  6 11:45:08 2025 
1 1 6 Tue May  6 11:58:12 2025 
1 1 7 Tue May  6 12:11:05 2025 
OC:
     xi a trt.eff   vcov.med   vcov.1st   vcov.mean vcov.mcvar indep.med
[1,]  1 1     0.0 0.00800000 0.06866667 0.002333333 0.03733333 0.4423333
[2,]  1 1     0.1 0.03533333 0.09033333 0.009333333 0.09233333 0.4586667
[3,]  1 1     0.2 0.10200000 0.18200000 0.039000000 0.22433333 0.4996667
[4,]  1 1     0.3 0.25800000 0.32233333 0.115666667 0.45166667 0.5350000
[5,]  1 1     0.4 0.48500000 0.49300000 0.292000000 0.69500000 0.6146667
[6,]  1 1     0.5 0.70833333 0.67133333 0.523666667 0.85800000 0.6680000
[7,]  1 1     0.6 0.88733333 0.80233333 0.755666667 0.96233333 0.7630000
     indep.1st indep.mean  indep.mcvar
[1,] 0.4923333 0.02400000 0.0000000000
[2,] 0.4910000 0.02300000 0.0000000000
[3,] 0.5030000 0.02466667 0.0000000000
[4,] 0.5353333 0.03566667 0.0000000000
[5,] 0.5750000 0.06166667 0.0003333333
[6,] 0.5870000 0.07566667 0.0003333333
[7,] 0.6516667 0.12233333 0.0023333333
Bias:
     xi a trt.eff      vcov.med     vcov.1st     vcov.mean    vcov.mcvar
[1,]  1 1     0.0  0.0019982786  0.003015047  0.0017364069  0.0017364069
[2,]  1 1     0.1 -0.0010621558 -0.003137838 -0.0021859145 -0.0021859145
[3,]  1 1     0.2 -0.0009134326 -0.001041325 -0.0005185058 -0.0005185058
[4,]  1 1     0.3 -0.0027176527 -0.004557349 -0.0039211291 -0.0039211291
[5,]  1 1     0.4  0.0021163791  0.002374357  0.0022554432  0.0022554432
[6,]  1 1     0.5 -0.0002561087  0.000710995 -0.0004677706 -0.0004677706
[7,]  1 1     0.6  0.0019586572 -0.004691421  0.0019794132  0.0019794132
        indep.med    indep.1st   indep.mean  indep.mcvar
[1,] -0.002043896  0.004585860 -0.004271301 -0.004271301
[2,] -0.004333837 -0.020391180 -0.004325214 -0.004325214
[3,] -0.001190463  0.003747167 -0.003747631 -0.003747631
[4,] -0.004253943 -0.002480122 -0.006984272 -0.006984272
[5,]  0.002216115 -0.004381847  0.001358839  0.001358839
[6,] -0.005895313  0.010942414 -0.005707870 -0.005707870
[7,]  0.009703407  0.024208283  0.008843865  0.008843865
MSE:
     xi a trt.eff   vcov.med   vcov.1st  vcov.mean vcov.mcvar  indep.med
[1,]  1 1     0.0 0.02496646 0.04512971 0.02417661 0.02417661 0.08640884
[2,]  1 1     0.1 0.02674040 0.04571483 0.02597431 0.02597431 0.08977661
[3,]  1 1     0.2 0.02588675 0.04655722 0.02508298 0.02508298 0.09159555
[4,]  1 1     0.3 0.02648684 0.04705380 0.02536821 0.02536821 0.08744705
[5,]  1 1     0.4 0.02671576 0.04615390 0.02583290 0.02583290 0.09196846
[6,]  1 1     0.5 0.02730405 0.04457377 0.02634486 0.02634486 0.09170114
[7,]  1 1     0.6 0.02582595 0.04656054 0.02504317 0.02504317 0.09495483
     indep.1st indep.mean indep.mcvar
[1,] 0.4705992 0.06987613  0.06987613
[2,] 0.5044683 0.07222751  0.07222751
[3,] 0.4917137 0.07143409  0.07143409
[4,] 0.4983182 0.07143575  0.07143575
[5,] 0.5060035 0.07128266  0.07128266
[6,] 0.5027152 0.07349899  0.07349899
[7,] 0.5102437 0.07768432  0.07768432
CI coverage rate:
     xi a trt.eff  vcov.med  vcov.1st vcov.mean vcov.mcvar indep.med indep.1st
[1,]  1 1     0.0 0.9913333 0.9313333 0.9916667  0.9626667 0.8976667 0.5076667
[2,]  1 1     0.1 0.9850000 0.9343333 0.9870000  0.9570000 0.8950000 0.5163333
[3,]  1 1     0.2 0.9840000 0.9346667 0.9853333  0.9483333 0.8843333 0.5043333
[4,]  1 1     0.3 0.9813333 0.9263333 0.9826667  0.9513333 0.8930000 0.5080000
[5,]  1 1     0.4 0.9873333 0.9300000 0.9883333  0.9550000 0.8860000 0.5080000
[6,]  1 1     0.5 0.9866667 0.9403333 0.9863333  0.9493333 0.8786667 0.4996667
[7,]  1 1     0.6 0.9900000 0.9340000 0.9926667  0.9603333 0.8820000 0.4986667
     indep.mean indep.mcvar
[1,]  0.9370000           1
[2,]  0.9240000           1
[3,]  0.9290000           1
[4,]  0.9296667           1
[5,]  0.9280000           1
[6,]  0.9263333           1
[7,]  0.9146667           1
