1 1 1 Tue May  6 10:51:41 2025 
1 1 2 Tue May  6 10:59:38 2025 
1 1 3 Tue May  6 11:07:31 2025 
1 1 4 Tue May  6 11:15:24 2025 
1 1 5 Tue May  6 11:23:17 2025 
1 1 6 Tue May  6 11:31:09 2025 
1 1 7 Tue May  6 11:39:02 2025 
OC:
     xi a trt.eff   vcov.med   vcov.1st  vcov.mean vcov.mcvar indep.med
[1,]  1 1     0.0 0.01333333 0.04900000 0.00700000 0.03866667 0.6140000
[2,]  1 1     0.1 0.04266667 0.08533333 0.01433333 0.09733333 0.6320000
[3,]  1 1     0.2 0.10966667 0.17033333 0.05200000 0.23366667 0.6533333
[4,]  1 1     0.3 0.27600000 0.32500000 0.14833333 0.46166667 0.6710000
[5,]  1 1     0.4 0.48866667 0.49266667 0.33100000 0.69033333 0.7080000
[6,]  1 1     0.5 0.70800000 0.68266667 0.57900000 0.86033333 0.7603333
[7,]  1 1     0.6 0.87500000 0.82933333 0.77933333 0.96033333 0.7816667
     indep.1st indep.mean  indep.mcvar
[1,] 0.5650000  0.1706667 0.0000000000
[2,] 0.5696667  0.1800000 0.0000000000
[3,] 0.5976667  0.1686667 0.0000000000
[4,] 0.5980000  0.1913333 0.0003333333
[5,] 0.6196667  0.2163333 0.0003333333
[6,] 0.6456667  0.2563333 0.0013333333
[7,] 0.6696667  0.2876667 0.0033333333
Bias:
     xi a trt.eff      vcov.med      vcov.1st     vcov.mean    vcov.mcvar
[1,]  1 1     0.0 -0.0037668783 -5.747165e-03 -0.0035995406 -0.0035995406
[2,]  1 1     0.1  0.0009307705  4.517069e-04  0.0011613394  0.0011613394
[3,]  1 1     0.2  0.0007357233  3.307337e-05  0.0009818257  0.0009818257
[4,]  1 1     0.3  0.0054880419  6.968883e-03  0.0046560619  0.0046560619
[5,]  1 1     0.4 -0.0039864754 -2.637571e-03 -0.0039177423 -0.0039177423
[6,]  1 1     0.5 -0.0059891645 -1.404272e-03 -0.0048423444 -0.0048423444
[7,]  1 1     0.6 -0.0052369694 -1.833376e-03 -0.0043100695 -0.0043100695
         indep.med    indep.1st   indep.mean  indep.mcvar
[1,] -0.0039678363 -0.006804351 -0.002813355 -0.002813355
[2,] -0.0005721906  0.006663659 -0.001809839 -0.001809839
[3,] -0.0052081179  0.013036104 -0.004332865 -0.004332865
[4,]  0.0014219340  0.024243811  0.007644169  0.007644169
[5,] -0.0016284109 -0.008901059 -0.005180107 -0.005180107
[6,]  0.0064192855  0.008778064  0.001153204  0.001153204
[7,] -0.0006921216 -0.001649047 -0.002344953 -0.002344953
MSE:
     xi a trt.eff   vcov.med   vcov.1st  vcov.mean vcov.mcvar indep.med
[1,]  1 1     0.0 0.02485462 0.04069568 0.02346264 0.02346264 0.1967288
[2,]  1 1     0.1 0.02733822 0.04260774 0.02560198 0.02560198 0.1986839
[3,]  1 1     0.2 0.02662292 0.04263885 0.02503564 0.02503564 0.1933871
[4,]  1 1     0.3 0.02535811 0.04101902 0.02377065 0.02377065 0.1919955
[5,]  1 1     0.4 0.02616723 0.04014949 0.02413251 0.02413251 0.1935662
[6,]  1 1     0.5 0.02768663 0.04140953 0.02605000 0.02605000 0.2020452
[7,]  1 1     0.6 0.02704251 0.04025199 0.02477897 0.02477897 0.2055547
     indep.1st indep.mean indep.mcvar
[1,] 0.6277000  0.1408245   0.1408245
[2,] 0.6371709  0.1425384   0.1425384
[3,] 0.6538020  0.1455711   0.1455711
[4,] 0.6239691  0.1419057   0.1419057
[5,] 0.6371582  0.1429013   0.1429013
[6,] 0.6210244  0.1456747   0.1456747
[7,] 0.6334996  0.1502338   0.1502338
CI coverage rate:
     xi a trt.eff  vcov.med  vcov.1st vcov.mean vcov.mcvar indep.med indep.1st
[1,]  1 1     0.0 0.9866667 0.9510000 0.9880000  0.9613333 0.7043333 0.4350000
[2,]  1 1     0.1 0.9806667 0.9396667 0.9870000  0.9506667 0.6870000 0.4310000
[3,]  1 1     0.2 0.9856667 0.9410000 0.9856667  0.9523333 0.6976667 0.4316667
[4,]  1 1     0.3 0.9843333 0.9443333 0.9883333  0.9543333 0.7023333 0.4480000
[5,]  1 1     0.4 0.9846667 0.9436667 0.9900000  0.9620000 0.6946667 0.4276667
[6,]  1 1     0.5 0.9850000 0.9486667 0.9866667  0.9556667 0.6840000 0.4230000
[7,]  1 1     0.6 0.9880000 0.9510000 0.9913333  0.9570000 0.6810000 0.4356667
     indep.mean indep.mcvar
[1,]  0.7866667           1
[2,]  0.7676667           1
[3,]  0.7753333           1
[4,]  0.7746667           1
[5,]  0.7780000           1
[6,]  0.7760000           1
[7,]  0.7606667           1
