1 1 1 Tue May  6 10:51:41 2025 
1 1 2 Tue May  6 10:59:47 2025 
1 1 3 Tue May  6 11:07:50 2025 
1 1 4 Tue May  6 11:15:51 2025 
1 1 5 Tue May  6 11:23:52 2025 
1 1 6 Tue May  6 11:31:54 2025 
1 1 7 Tue May  6 11:39:57 2025 
OC:
     xi a trt.eff   vcov.med  vcov.1st  vcov.mean vcov.mcvar indep.med
[1,]  1 1     0.0 0.01933333 0.0720000 0.00500000 0.04433333 0.4993333
[2,]  1 1     0.1 0.04566667 0.0890000 0.01700000 0.09366667 0.4963333
[3,]  1 1     0.2 0.12100000 0.1833333 0.05633333 0.20800000 0.5150000
[4,]  1 1     0.3 0.28900000 0.3293333 0.16133333 0.42666667 0.5693333
[5,]  1 1     0.4 0.50933333 0.4953333 0.34500000 0.66433333 0.6120000
[6,]  1 1     0.5 0.71333333 0.6796667 0.55133333 0.83333333 0.6650000
[7,]  1 1     0.6 0.88566667 0.8323333 0.76733333 0.94766667 0.7266667
     indep.1st indep.mean indep.mcvar
[1,] 0.4943333  0.1016667 0.000000000
[2,] 0.5106667  0.1100000 0.000000000
[3,] 0.5190000  0.1076667 0.000000000
[4,] 0.5336667  0.1296667 0.000000000
[5,] 0.5493333  0.1663333 0.001666667
[6,] 0.5986667  0.1883333 0.001666667
[7,] 0.6320000  0.2406667 0.006333333
Bias:
     xi a trt.eff      vcov.med     vcov.1st     vcov.mean    vcov.mcvar
[1,]  1 1     0.0  0.0038016316  0.004126095  4.214670e-03  4.214670e-03
[2,]  1 1     0.1 -0.0028771371  0.001297679 -1.526045e-03 -1.526045e-03
[3,]  1 1     0.2 -0.0025082413 -0.003836232 -3.195788e-03 -3.195788e-03
[4,]  1 1     0.3  0.0021264015  0.001054505  2.367667e-03  2.367667e-03
[5,]  1 1     0.4  0.0071784188  0.004362304  6.839185e-03  6.839185e-03
[6,]  1 1     0.5  0.0005411885  0.003730071 -1.355528e-05 -1.355528e-05
[7,]  1 1     0.6  0.0026967760  0.004581968  3.385927e-03  3.385927e-03
        indep.med     indep.1st   indep.mean  indep.mcvar
[1,]  0.017634642  0.0029295436  0.015927746  0.015927746
[2,] -0.002831148 -0.0023310771 -0.007045990 -0.007045990
[3,]  0.002925738  0.0062852002  0.002690053  0.002690053
[4,]  0.008544389  0.0091775835  0.005441812  0.005441812
[5,]  0.011436145  0.0009488782  0.007265865  0.007265865
[6,] -0.004078017 -0.0144613826 -0.003215690 -0.003215690
[7,]  0.004564299  0.0143125406  0.006677691  0.006677691
MSE:
     xi a trt.eff   vcov.med   vcov.1st  vcov.mean vcov.mcvar indep.med
[1,]  1 1     0.0 0.02840081 0.04645077 0.02698222 0.02698222 0.1618374
[2,]  1 1     0.1 0.03014273 0.04576014 0.02873173 0.02873173 0.1556680
[3,]  1 1     0.2 0.03010124 0.04813184 0.02803638 0.02803638 0.1577065
[4,]  1 1     0.3 0.03015777 0.04679804 0.02805580 0.02805580 0.1566536
[5,]  1 1     0.4 0.02938178 0.04617881 0.02749575 0.02749575 0.1598505
[6,]  1 1     0.5 0.02948822 0.04481322 0.02757018 0.02757018 0.1608152
[7,]  1 1     0.6 0.02863196 0.04447181 0.02665339 0.02665339 0.1649346
     indep.1st indep.mean indep.mcvar
[1,] 0.4834258  0.1204380   0.1204380
[2,] 0.5084118  0.1121760   0.1121760
[3,] 0.5185145  0.1178154   0.1178154
[4,] 0.4910033  0.1179949   0.1179949
[5,] 0.5053984  0.1187515   0.1187515
[6,] 0.5153131  0.1199733   0.1199733
[7,] 0.5111281  0.1240990   0.1240990
CI coverage rate:
     xi a trt.eff  vcov.med  vcov.1st vcov.mean vcov.mcvar indep.med indep.1st
[1,]  1 1     0.0 0.9806667 0.9280000 0.9866667  0.9556667 0.7683333 0.5056667
[2,]  1 1     0.1 0.9756667 0.9330000 0.9813333  0.9493333 0.7683333 0.5013333
[3,]  1 1     0.2 0.9766667 0.9290000 0.9816667  0.9523333 0.7750000 0.4896667
[4,]  1 1     0.3 0.9776667 0.9330000 0.9833333  0.9543333 0.7730000 0.5103333
[5,]  1 1     0.4 0.9820000 0.9353333 0.9843333  0.9546667 0.7703333 0.4896667
[6,]  1 1     0.5 0.9766667 0.9386667 0.9803333  0.9543333 0.7683333 0.4910000
[7,]  1 1     0.6 0.9800000 0.9333333 0.9823333  0.9543333 0.7630000 0.4886667
     indep.mean indep.mcvar
[1,]  0.8333333           1
[2,]  0.8453333           1
[3,]  0.8446667           1
[4,]  0.8410000           1
[5,]  0.8396667           1
[6,]  0.8353333           1
[7,]  0.8296667           1
