1 1 1 Tue May  6 10:51:41 2025 
1 1 2 Tue May  6 11:25:24 2025 
1 1 3 Tue May  6 11:59:01 2025 
1 1 4 Tue May  6 12:32:19 2025 
1 1 5 Tue May  6 13:04:53 2025 
1 1 6 Tue May  6 13:37:16 2025 
1 1 7 Tue May  6 14:09:40 2025 
OC:
     xi a trt.eff   vcov.med   vcov.1st   vcov.mean vcov.mcvar indep.med
[1,]  1 1     0.0 0.00900000 0.05400000 0.000000000 0.03866667 0.7473333
[2,]  1 1     0.1 0.02333333 0.08633333 0.002666667 0.09700000 0.7616667
[3,]  1 1     0.2 0.08633333 0.16266667 0.025000000 0.28266667 0.7900000
[4,]  1 1     0.3 0.26233333 0.31300000 0.102000000 0.52333333 0.8330000
[5,]  1 1     0.4 0.50433333 0.49900000 0.280000000 0.76733333 0.8793333
[6,]  1 1     0.5 0.74533333 0.67700000 0.530333333 0.92366667 0.9133333
[7,]  1 1     0.6 0.92166667 0.84133333 0.775666667 0.98666667 0.9530000
     indep.1st  indep.mean indep.mcvar
[1,] 0.5596667 0.002000000           0
[2,] 0.5643333 0.002333333           0
[3,] 0.5986667 0.004666667           0
[4,] 0.6150000 0.005333333           0
[5,] 0.6150000 0.007666667           0
[6,] 0.6526667 0.015000000           0
[7,] 0.6506667 0.023666667           0
Bias:
     xi a trt.eff      vcov.med      vcov.1st     vcov.mean    vcov.mcvar
[1,]  1 1     0.0 -0.0009820910  0.0028567351 -0.0004632876 -0.0004632876
[2,]  1 1     0.1  0.0018686743  0.0014433260  0.0017061756  0.0017061756
[3,]  1 1     0.2  0.0067729374  0.0014771127  0.0065280805  0.0065280805
[4,]  1 1     0.3  0.0025901527  0.0028008322  0.0021697084  0.0021697084
[5,]  1 1     0.4  0.0006312849 -0.0000599406  0.0010958803  0.0010958803
[6,]  1 1     0.5  0.0013197588 -0.0007017837  0.0016843039  0.0016843039
[7,]  1 1     0.6  0.0038462172  0.0052762254  0.0042613656  0.0042613656
         indep.med    indep.1st   indep.mean  indep.mcvar
[1,]  0.0049713248  0.018973434  0.004168110  0.004168110
[2,]  0.0042577272 -0.006623764  0.001741018  0.001741018
[3,]  0.0089605765  0.002611395  0.009797487  0.009797487
[4,]  0.0034215321 -0.021251556  0.004530368  0.004530368
[5,]  0.0047816713 -0.019337037  0.006059543  0.006059543
[6,] -0.0003235382  0.018301586 -0.001373156 -0.001373156
[7,]  0.0058347500  0.002926436  0.007531512  0.007531512
MSE:
     xi a trt.eff   vcov.med   vcov.1st  vcov.mean vcov.mcvar  indep.med
[1,]  1 1     0.0 0.02107830 0.04129771 0.02073942 0.02073942 0.04957542
[2,]  1 1     0.1 0.02207610 0.04191061 0.02176975 0.02176975 0.05400112
[3,]  1 1     0.2 0.02074566 0.04129752 0.02035870 0.02035870 0.05245512
[4,]  1 1     0.3 0.02075782 0.03844071 0.02031114 0.02031114 0.04981529
[5,]  1 1     0.4 0.02175598 0.04245509 0.02131723 0.02131723 0.05346378
[6,]  1 1     0.5 0.02175669 0.04157836 0.02135918 0.02135918 0.05131633
[7,]  1 1     0.6 0.02157484 0.04118711 0.02121215 0.02121215 0.05124526
     indep.1st indep.mean indep.mcvar
[1,] 0.6434890 0.03939389  0.03939389
[2,] 0.6060494 0.04234886  0.04234886
[3,] 0.6569657 0.04173258  0.04173258
[4,] 0.6673242 0.03877043  0.03877043
[5,] 0.6313941 0.04209357  0.04209357
[6,] 0.6621542 0.04048341  0.04048341
[7,] 0.6374486 0.03990404  0.03990404
CI coverage rate:
     xi a trt.eff  vcov.med  vcov.1st vcov.mean vcov.mcvar indep.med indep.1st
[1,]  1 1     0.0 0.9910000 0.9460000 0.9930000  0.9613333 0.9520000 0.4403333
[2,]  1 1     0.1 0.9936667 0.9476667 0.9936667  0.9526667 0.9456667 0.4363333
[3,]  1 1     0.2 0.9946667 0.9440000 0.9953333  0.9583333 0.9486667 0.4243333
[4,]  1 1     0.3 0.9953333 0.9560000 0.9960000  0.9643333 0.9523333 0.4056667
[5,]  1 1     0.4 0.9913333 0.9423333 0.9923333  0.9533333 0.9456667 0.4230000
[6,]  1 1     0.5 0.9936667 0.9393333 0.9943333  0.9520000 0.9436667 0.4423333
[7,]  1 1     0.6 0.9953333 0.9480000 0.9960000  0.9593333 0.9473333 0.4463333
     indep.mean indep.mcvar
[1,]  0.9780000           1
[2,]  0.9756667           1
[3,]  0.9716667           1
[4,]  0.9803333           1
[5,]  0.9713333           1
[6,]  0.9776667           1
[7,]  0.9786667           1
