1 1 1 Tue May  6 10:51:41 2025 
1 1 2 Tue May  6 11:25:27 2025 
1 1 3 Tue May  6 11:59:04 2025 
1 1 4 Tue May  6 12:32:27 2025 
1 1 5 Tue May  6 13:05:03 2025 
1 1 6 Tue May  6 13:37:24 2025 
1 1 7 Tue May  6 14:09:50 2025 
OC:
     xi a trt.eff   vcov.med   vcov.1st   vcov.mean vcov.mcvar indep.med
[1,]  1 1     0.0 0.01033333 0.06133333 0.001333333 0.04666667 0.4893333
[2,]  1 1     0.1 0.02866667 0.09200000 0.005333333 0.10366667 0.5073333
[3,]  1 1     0.2 0.09933333 0.18500000 0.026333333 0.24833333 0.5370000
[4,]  1 1     0.3 0.27433333 0.32133333 0.114666667 0.47433333 0.6143333
[5,]  1 1     0.4 0.49300000 0.49333333 0.270333333 0.72233333 0.7010000
[6,]  1 1     0.5 0.74766667 0.68533333 0.525333333 0.89166667 0.8126667
[7,]  1 1     0.6 0.89566667 0.81766667 0.737333333 0.96533333 0.8743333
     indep.1st   indep.mean indep.mcvar
[1,] 0.5020000 0.0000000000           0
[2,] 0.5060000 0.0006666667           0
[3,] 0.4970000 0.0010000000           0
[4,] 0.5470000 0.0013333333           0
[5,] 0.5683333 0.0016666667           0
[6,] 0.5763333 0.0076666667           0
[7,] 0.6246667 0.0190000000           0
Bias:
     xi a trt.eff      vcov.med      vcov.1st     vcov.mean    vcov.mcvar
[1,]  1 1     0.0  0.0039193770  0.0012011119  3.799777e-03  3.799777e-03
[2,]  1 1     0.1 -0.0052914706 -0.0049302123 -4.773723e-03 -4.773723e-03
[3,]  1 1     0.2  0.0051146948  0.0067832497  4.465997e-03  4.465997e-03
[4,]  1 1     0.3 -0.0004645513 -0.0024134357 -2.750821e-04 -2.750821e-04
[5,]  1 1     0.4 -0.0006344868 -0.0004684343 -8.580199e-05 -8.580199e-05
[6,]  1 1     0.5  0.0059037059  0.0061002026  6.121196e-03  6.121196e-03
[7,]  1 1     0.6 -0.0033612364 -0.0010939189 -3.812777e-03 -3.812777e-03
         indep.med    indep.1st    indep.mean   indep.mcvar
[1,]  0.0047635662 -0.011375535  0.0047991934  0.0047991934
[2,] -0.0020213137 -0.001796157 -0.0027050052 -0.0027050052
[3,]  0.0053116808  0.006809223  0.0055287803  0.0055287803
[4,]  0.0005390562  0.013005642  0.0003207674  0.0003207674
[5,] -0.0002289441  0.007847559 -0.0009786587 -0.0009786587
[6,]  0.0078977918 -0.017059743  0.0078303876  0.0078303876
[7,] -0.0040399188 -0.019022367 -0.0046807139 -0.0046807139
MSE:
     xi a trt.eff   vcov.med   vcov.1st  vcov.mean vcov.mcvar  indep.med
[1,]  1 1     0.0 0.02365993 0.04539487 0.02317367 0.02317367 0.04707665
[2,]  1 1     0.1 0.02541051 0.04723166 0.02508757 0.02508757 0.04981567
[3,]  1 1     0.2 0.02357834 0.04531858 0.02305499 0.02305499 0.04603023
[4,]  1 1     0.3 0.02559014 0.04763108 0.02519246 0.02519246 0.04776522
[5,]  1 1     0.4 0.02516203 0.04848676 0.02463790 0.02463790 0.04618803
[6,]  1 1     0.5 0.02465089 0.04610688 0.02443036 0.02443036 0.04742297
[7,]  1 1     0.6 0.02429279 0.04499858 0.02394695 0.02394695 0.04755829
     indep.1st indep.mean indep.mcvar
[1,] 0.5118345 0.03860542  0.03860542
[2,] 0.5303617 0.04096565  0.04096565
[3,] 0.4827602 0.03796425  0.03796425
[4,] 0.4980673 0.03971041  0.03971041
[5,] 0.5028867 0.03860728  0.03860728
[6,] 0.4992600 0.04039321  0.04039321
[7,] 0.4933108 0.04020902  0.04020902
CI coverage rate:
     xi a trt.eff  vcov.med  vcov.1st vcov.mean vcov.mcvar indep.med indep.1st
[1,]  1 1     0.0 0.9896667 0.9386667 0.9903333  0.9533333 0.9690000 0.4980000
[2,]  1 1     0.1 0.9890000 0.9293333 0.9896667  0.9486667 0.9670000 0.4876667
[3,]  1 1     0.2 0.9920000 0.9326667 0.9923333  0.9613333 0.9756667 0.5136667
[4,]  1 1     0.3 0.9920000 0.9276667 0.9900000  0.9503333 0.9733333 0.4933333
[5,]  1 1     0.4 0.9860000 0.9300000 0.9873333  0.9510000 0.9726667 0.5073333
[6,]  1 1     0.5 0.9890000 0.9330000 0.9890000  0.9503333 0.9713333 0.5030000
[7,]  1 1     0.6 0.9866667 0.9370000 0.9876667  0.9480000 0.9696667 0.5016667
     indep.mean indep.mcvar
[1,]  0.9863333           1
[2,]  0.9810000           1
[3,]  0.9896667           1
[4,]  0.9860000           1
[5,]  0.9863333           1
[6,]  0.9853333           1
[7,]  0.9806667           1
