1 1 1 Tue May  6 10:51:41 2025 
1 1 2 Tue May  6 11:27:48 2025 
1 1 3 Tue May  6 12:03:17 2025 
1 1 4 Tue May  6 12:37:02 2025 
1 1 5 Tue May  6 13:09:07 2025 
1 1 6 Tue May  6 13:41:17 2025 
1 1 7 Tue May  6 14:13:22 2025 
OC:
     xi a trt.eff   vcov.med   vcov.1st  vcov.mean vcov.mcvar indep.med
[1,]  1 1     0.0 0.01866667 0.07666667 0.00200000 0.05133333 0.9126667
[2,]  1 1     0.1 0.06466667 0.13633333 0.01433333 0.14233333 0.9130000
[3,]  1 1     0.2 0.23566667 0.29966667 0.09033333 0.39533333 0.9333333
[4,]  1 1     0.3 0.57233333 0.54933333 0.32533333 0.72666667 0.9543333
[5,]  1 1     0.4 0.85066667 0.77733333 0.64733333 0.93066667 0.9686667
[6,]  1 1     0.5 0.96966667 0.90833333 0.89100000 0.98766667 0.9836667
[7,]  1 1     0.6 0.99833333 0.97833333 0.98233333 1.00000000 0.9953333
     indep.1st  indep.mean indep.mcvar
[1,] 0.6260000 0.005333333           0
[2,] 0.6200000 0.004666667           0
[3,] 0.6313333 0.010000000           0
[4,] 0.6516667 0.019666667           0
[5,] 0.6873333 0.024666667           0
[6,] 0.6993333 0.051000000           0
[7,] 0.7290000 0.086666667           0
Bias:
     xi a trt.eff      vcov.med      vcov.1st     vcov.mean    vcov.mcvar
[1,]  1 1     0.0  1.811196e-03  0.0038549426  1.639836e-03  1.639836e-03
[2,]  1 1     0.1 -2.834104e-04  0.0007316060 -4.341294e-04 -4.341294e-04
[3,]  1 1     0.2 -1.444510e-04 -0.0007808733 -1.333367e-04 -1.333367e-04
[4,]  1 1     0.3 -1.710847e-04 -0.0007271955  2.130539e-04  2.130539e-04
[5,]  1 1     0.4 -1.176290e-03 -0.0015631946 -1.365558e-03 -1.365558e-03
[6,]  1 1     0.5 -9.046858e-04 -0.0009517548 -1.063124e-03 -1.063124e-03
[7,]  1 1     0.6  7.115287e-05  0.0039866319 -6.600438e-05 -6.600438e-05
        indep.med    indep.1st    indep.mean   indep.mcvar
[1,]  0.003645162  0.018137679  0.0030752415  0.0030752415
[2,]  0.005551619 -0.002704181  0.0030796084  0.0030796084
[3,] -0.001182634  0.004480739 -0.0032505717 -0.0032505717
[4,]  0.003214994  0.008509339  0.0042123156  0.0042123156
[5,] -0.000930121  0.008221905 -0.0006231745 -0.0006231745
[6,] -0.002230033  0.004274134 -0.0013717990 -0.0013717990
[7,]  0.005882918  0.001469604  0.0004310052  0.0004310052
MSE:
     xi a trt.eff   vcov.med   vcov.1st  vcov.mean vcov.mcvar  indep.med
[1,]  1 1     0.0 0.01357633 0.02513795 0.01339646 0.01339646 0.03668721
[2,]  1 1     0.1 0.01406789 0.02588298 0.01380845 0.01380845 0.03560635
[3,]  1 1     0.2 0.01301687 0.02454329 0.01281657 0.01281657 0.03647151
[4,]  1 1     0.3 0.01341870 0.02622889 0.01325379 0.01325379 0.03653872
[5,]  1 1     0.4 0.01299379 0.02419209 0.01276684 0.01276684 0.03630292
[6,]  1 1     0.5 0.01365600 0.02554180 0.01340160 0.01340160 0.03506866
[7,]  1 1     0.6 0.01310398 0.02558759 0.01289175 0.01289175 0.03587835
     indep.1st indep.mean indep.mcvar
[1,] 0.4776454 0.02913569  0.02913569
[2,] 0.4328095 0.02799017  0.02799017
[3,] 0.4534553 0.02853713  0.02853713
[4,] 0.4828616 0.02873224  0.02873224
[5,] 0.4720711 0.02796642  0.02796642
[6,] 0.4496972 0.02773227  0.02773227
[7,] 0.4768262 0.02778248  0.02778248
CI coverage rate:
     xi a trt.eff  vcov.med  vcov.1st vcov.mean vcov.mcvar indep.med indep.1st
[1,]  1 1     0.0 0.9810000 0.9233333 0.9840000  0.9486667 0.9240000 0.3740000
[2,]  1 1     0.1 0.9813333 0.9136667 0.9853333  0.9463333 0.9300000 0.3793333
[3,]  1 1     0.2 0.9880000 0.9223333 0.9870000  0.9563333 0.9196667 0.3936667
[4,]  1 1     0.3 0.9853333 0.9166667 0.9873333  0.9533333 0.9216667 0.3850000
[5,]  1 1     0.4 0.9846667 0.9230000 0.9850000  0.9586667 0.9193333 0.3850000
[6,]  1 1     0.5 0.9813333 0.9193333 0.9833333  0.9503333 0.9300000 0.3663333
[7,]  1 1     0.6 0.9856667 0.9196667 0.9860000  0.9520000 0.9183333 0.3723333
     indep.mean indep.mcvar
[1,]  0.9583333           1
[2,]  0.9593333           1
[3,]  0.9556667           1
[4,]  0.9536667           1
[5,]  0.9560000           1
[6,]  0.9596667           1
[7,]  0.9580000           1
