1 1 1 Tue May  6 10:51:41 2025 
1 1 2 Tue May  6 11:27:18 2025 
1 1 3 Tue May  6 12:02:44 2025 
1 1 4 Tue May  6 12:37:50 2025 
1 1 5 Tue May  6 13:12:14 2025 
1 1 6 Tue May  6 13:46:26 2025 
1 1 7 Tue May  6 14:20:32 2025 
OC:
     xi a trt.eff   vcov.med  vcov.1st   vcov.mean vcov.mcvar indep.med
[1,]  1 1     0.0 0.00800000 0.0590000 0.001333333  0.0490000 0.9770000
[2,]  1 1     0.1 0.04366667 0.1093333 0.010666667  0.1533333 0.9820000
[3,]  1 1     0.2 0.22166667 0.2993333 0.085333333  0.4786667 0.9840000
[4,]  1 1     0.3 0.56466667 0.5560000 0.345333333  0.8160000 0.9910000
[5,]  1 1     0.4 0.87433333 0.7986667 0.701333333  0.9703333 0.9926667
[6,]  1 1     0.5 0.98300000 0.9303333 0.928666667  0.9990000 0.9960000
[7,]  1 1     0.6 0.99833333 0.9840000 0.991000000  1.0000000 0.9990000
     indep.1st indep.mean indep.mcvar
[1,] 0.6943333 0.03100000           0
[2,] 0.6880000 0.02900000           0
[3,] 0.6886667 0.03633333           0
[4,] 0.7013333 0.03566667           0
[5,] 0.7100000 0.05566667           0
[6,] 0.7436667 0.07333333           0
[7,] 0.7626667 0.10700000           0
Bias:
     xi a trt.eff      vcov.med      vcov.1st     vcov.mean    vcov.mcvar
[1,]  1 1     0.0  1.301740e-03 -0.0026888978  1.493361e-03  1.493361e-03
[2,]  1 1     0.1 -9.434240e-04 -0.0038284001 -1.230511e-03 -1.230511e-03
[3,]  1 1     0.2  3.480032e-04  0.0029914410  1.174239e-04  1.174239e-04
[4,]  1 1     0.3 -5.909011e-04 -0.0006443169 -5.884786e-04 -5.884786e-04
[5,]  1 1     0.4  2.221385e-04  0.0018565635  3.026729e-04  3.026729e-04
[6,]  1 1     0.5 -8.565991e-05 -0.0013421994  1.279101e-04  1.279101e-04
[7,]  1 1     0.6  2.522999e-04  0.0023963172  3.282452e-05  3.282452e-05
         indep.med     indep.1st    indep.mean   indep.mcvar
[1,]  2.192442e-03  1.547728e-02  0.0025155658  0.0025155658
[2,]  4.310701e-05  1.874087e-02  0.0011941930  0.0011941930
[3,]  5.507457e-04  2.503463e-03  0.0007933891  0.0007933891
[4,]  6.525071e-04 -7.364911e-03  0.0021679435  0.0021679435
[5,] -2.579398e-03 -1.869268e-02 -0.0019490457 -0.0019490457
[6,] -2.759231e-03  6.060259e-06 -0.0003170243 -0.0003170243
[7,] -1.462588e-03  2.184297e-02  0.0005963304  0.0005963304
MSE:
     xi a trt.eff   vcov.med   vcov.1st  vcov.mean vcov.mcvar  indep.med
[1,]  1 1     0.0 0.01117057 0.02140110 0.01099267 0.01099267 0.04051941
[2,]  1 1     0.1 0.01087155 0.02046687 0.01067894 0.01067894 0.03936379
[3,]  1 1     0.2 0.01045738 0.02092533 0.01028264 0.01028264 0.04013119
[4,]  1 1     0.3 0.01063585 0.02147188 0.01050129 0.01050129 0.03867937
[5,]  1 1     0.4 0.01077116 0.02144543 0.01057071 0.01057071 0.04132425
[6,]  1 1     0.5 0.01079017 0.02145725 0.01061194 0.01061194 0.03983919
[7,]  1 1     0.6 0.01108892 0.02103085 0.01090636 0.01090636 0.03879303
     indep.1st indep.mean indep.mcvar
[1,] 0.6321954 0.03100637  0.03100637
[2,] 0.6029089 0.02928000  0.02928000
[3,] 0.5743657 0.03099779  0.03099779
[4,] 0.6107663 0.02929213  0.02929213
[5,] 0.6133640 0.03014324  0.03014324
[6,] 0.6122205 0.03012418  0.03012418
[7,] 0.6083404 0.02964675  0.02964675
CI coverage rate:
     xi a trt.eff  vcov.med  vcov.1st vcov.mean vcov.mcvar indep.med indep.1st
[1,]  1 1     0.0 0.9920000 0.9410000 0.9920000  0.9510000 0.8810000 0.3056667
[2,]  1 1     0.1 0.9923333 0.9496667 0.9933333  0.9540000 0.8813333 0.3090000
[3,]  1 1     0.2 0.9950000 0.9456667 0.9950000  0.9563333 0.8776667 0.3313333
[4,]  1 1     0.3 0.9930000 0.9386667 0.9933333  0.9553333 0.8853333 0.3116667
[5,]  1 1     0.4 0.9930000 0.9386667 0.9936667  0.9523333 0.8796667 0.3176667
[6,]  1 1     0.5 0.9930000 0.9446667 0.9946667  0.9540000 0.8860000 0.3090000
[7,]  1 1     0.6 0.9916667 0.9433333 0.9930000  0.9470000 0.8906667 0.3090000
     indep.mean indep.mcvar
[1,]  0.9293333           1
[2,]  0.9340000           1
[3,]  0.9330000           1
[4,]  0.9383333           1
[5,]  0.9393333           1
[6,]  0.9410000           1
[7,]  0.9400000           1
