1 1 1 Tue May  6 10:51:41 2025 
1 1 2 Tue May  6 11:04:53 2025 
1 1 3 Tue May  6 11:17:58 2025 
1 1 4 Tue May  6 11:31:03 2025 
1 1 5 Tue May  6 11:44:08 2025 
1 1 6 Tue May  6 11:57:11 2025 
1 1 7 Tue May  6 12:10:12 2025 
OC:
     xi a trt.eff   vcov.med   vcov.1st   vcov.mean vcov.mcvar indep.med
[1,]  1 1     0.0 0.01000000 0.05366667 0.001000000 0.04533333 0.6436667
[2,]  1 1     0.1 0.02866667 0.07766667 0.006333333 0.09833333 0.6313333
[3,]  1 1     0.2 0.08966667 0.17066667 0.036000000 0.24700000 0.6623333
[4,]  1 1     0.3 0.24700000 0.30966667 0.126000000 0.50033333 0.6993333
[5,]  1 1     0.4 0.48666667 0.50133333 0.300333333 0.73500000 0.7583333
[6,]  1 1     0.5 0.74666667 0.68766667 0.552000000 0.90466667 0.7873333
[7,]  1 1     0.6 0.90400000 0.83500000 0.777333333 0.97100000 0.8313333
     indep.1st indep.mean  indep.mcvar
[1,] 0.5520000 0.05533333 0.0000000000
[2,] 0.5700000 0.06400000 0.0000000000
[3,] 0.5950000 0.07366667 0.0000000000
[4,] 0.5966667 0.07333333 0.0000000000
[5,] 0.6163333 0.09800000 0.0003333333
[6,] 0.6350000 0.11533333 0.0000000000
[7,] 0.6546667 0.14666667 0.0020000000
Bias:
     xi a trt.eff      vcov.med      vcov.1st     vcov.mean    vcov.mcvar
[1,]  1 1     0.0 -0.0005621045 -0.0024331376 -0.0008611646 -0.0008611646
[2,]  1 1     0.1 -0.0004788306 -0.0020283467 -0.0002188460 -0.0002188460
[3,]  1 1     0.2 -0.0041024607 -0.0004888180 -0.0036698628 -0.0036698628
[4,]  1 1     0.3 -0.0006514852  0.0022486822  0.0004884537  0.0004884537
[5,]  1 1     0.4  0.0001693250 -0.0009811380 -0.0006391358 -0.0006391358
[6,]  1 1     0.5  0.0025466652  0.0020951133  0.0028360035  0.0028360035
[7,]  1 1     0.6  0.0013230446  0.0004656957  0.0009184000  0.0009184000
        indep.med    indep.1st    indep.mean   indep.mcvar
[1,]  0.005330219  0.003065504  4.436787e-03  4.436787e-03
[2,]  0.000164875 -0.010945368  4.206653e-04  4.206653e-04
[3,] -0.005409566  0.001749852 -6.110273e-03 -6.110273e-03
[4,]  0.001790445 -0.007215050  1.492958e-03  1.492958e-03
[5,]  0.003521416  0.019854431  4.027601e-05  4.027601e-05
[6,]  0.001417161  0.011862129  1.010947e-03  1.010947e-03
[7,]  0.009996478 -0.005523912  6.563331e-03  6.563331e-03
MSE:
     xi a trt.eff   vcov.med   vcov.1st  vcov.mean vcov.mcvar indep.med
[1,]  1 1     0.0 0.02351820 0.04131301 0.02288503 0.02288503 0.1070473
[2,]  1 1     0.1 0.02395131 0.04194735 0.02301437 0.02301437 0.1026543
[3,]  1 1     0.2 0.02316135 0.04232381 0.02287678 0.02287678 0.1041393
[4,]  1 1     0.3 0.02290832 0.04040534 0.02236507 0.02236507 0.1022811
[5,]  1 1     0.4 0.02339491 0.04188395 0.02282101 0.02282101 0.1107314
[6,]  1 1     0.5 0.02288282 0.04075057 0.02225721 0.02225721 0.1036472
[7,]  1 1     0.6 0.02332660 0.04060432 0.02275179 0.02275179 0.1058567
     indep.1st indep.mean indep.mcvar
[1,] 0.6281409 0.08116113  0.08116113
[2,] 0.6465451 0.08016751  0.08016751
[3,] 0.6223083 0.08340154  0.08340154
[4,] 0.6258363 0.08153770  0.08153770
[5,] 0.6386990 0.08551351  0.08551351
[6,] 0.6164272 0.07866287  0.07866287
[7,] 0.5978517 0.08180350  0.08180350
CI coverage rate:
     xi a trt.eff  vcov.med  vcov.1st vcov.mean vcov.mcvar indep.med indep.1st
[1,]  1 1     0.0 0.9900000 0.9463333 0.9926667  0.9546667 0.8320000 0.4480000
[2,]  1 1     0.1 0.9916667 0.9423333 0.9936667  0.9513333 0.8406667 0.4306667
[3,]  1 1     0.2 0.9900000 0.9406667 0.9923333  0.9533333 0.8366667 0.4226667
[4,]  1 1     0.3 0.9880000 0.9503333 0.9893333  0.9540000 0.8370000 0.4353333
[5,]  1 1     0.4 0.9893333 0.9403333 0.9900000  0.9530000 0.8223333 0.4350000
[6,]  1 1     0.5 0.9896667 0.9486667 0.9920000  0.9593333 0.8376667 0.4360000
[7,]  1 1     0.6 0.9903333 0.9496667 0.9913333  0.9556667 0.8326667 0.4423333
     indep.mean indep.mcvar
[1,]  0.8960000           1
[2,]  0.8970000           1
[3,]  0.8900000           1
[4,]  0.8866667           1
[5,]  0.8846667           1
[6,]  0.8970000           1
[7,]  0.8893333           1
