1 1 1 Tue May  6 10:51:41 2025 
1 1 2 Tue May  6 11:00:23 2025 
1 1 3 Tue May  6 11:09:02 2025 
1 1 4 Tue May  6 11:17:41 2025 
1 1 5 Tue May  6 11:26:19 2025 
1 1 6 Tue May  6 11:34:55 2025 
1 1 7 Tue May  6 11:43:32 2025 
OC:
     xi a trt.eff  vcov.med  vcov.1st   vcov.mean vcov.mcvar indep.med
[1,]  1 1     0.0 0.0300000 0.0720000 0.008666667 0.04666667 0.6926667
[2,]  1 1     0.1 0.0790000 0.1373333 0.028000000 0.11400000 0.7190000
[3,]  1 1     0.2 0.2746667 0.3150000 0.139666667 0.35866667 0.7350000
[4,]  1 1     0.3 0.5773333 0.5620000 0.391333333 0.66766667 0.7740000
[5,]  1 1     0.4 0.8186667 0.7733333 0.681666667 0.87933333 0.8043333
[6,]  1 1     0.5 0.9490000 0.9150000 0.885000000 0.97833333 0.8326667
[7,]  1 1     0.6 0.9923333 0.9756667 0.973666667 0.99733333 0.8716667
     indep.1st indep.mean  indep.mcvar
[1,] 0.5993333  0.2133333 0.0000000000
[2,] 0.6070000  0.2163333 0.0000000000
[3,] 0.6330000  0.2423333 0.0000000000
[4,] 0.6453333  0.2580000 0.0000000000
[5,] 0.6710000  0.2983333 0.0003333333
[6,] 0.7093333  0.3290000 0.0030000000
[7,] 0.7340000  0.3903333 0.0070000000
Bias:
     xi a trt.eff     vcov.med      vcov.1st    vcov.mean   vcov.mcvar
[1,]  1 1     0.0  0.001335783  0.0048276387  0.001485643  0.001485643
[2,]  1 1     0.1  0.001115174 -0.0020431688  0.001153447  0.001153447
[3,]  1 1     0.2  0.001821684  0.0004427930  0.001337710  0.001337710
[4,]  1 1     0.3  0.002092129  0.0026731312  0.001128661  0.001128661
[5,]  1 1     0.4 -0.003042311 -0.0041428844 -0.002977179 -0.002977179
[6,]  1 1     0.5 -0.001962042 -0.0008113964 -0.002018222 -0.002018222
[7,]  1 1     0.6 -0.001245435 -0.0022830222 -0.001529291 -0.001529291
         indep.med    indep.1st    indep.mean   indep.mcvar
[1,] -0.0002814359 -0.011544293 -0.0032621446 -0.0032621446
[2,] -0.0048623275 -0.029123827 -0.0061711935 -0.0061711935
[3,] -0.0076032676 -0.016248458 -0.0089327128 -0.0089327128
[4,]  0.0053262256  0.008021092  0.0062523776  0.0062523776
[5,]  0.0030837508  0.001393542  0.0034109564  0.0034109564
[6,] -0.0062830917  0.011647705 -0.0008930589 -0.0008930589
[7,] -0.0053439207  0.013414561 -0.0093435855 -0.0093435855
MSE:
     xi a trt.eff   vcov.med   vcov.1st  vcov.mean vcov.mcvar indep.med
[1,]  1 1     0.0 0.01662343 0.02489837 0.01524277 0.01524277 0.1383085
[2,]  1 1     0.1 0.01571428 0.02458939 0.01449757 0.01449757 0.1351285
[3,]  1 1     0.2 0.01625977 0.02606686 0.01509909 0.01509909 0.1412397
[4,]  1 1     0.3 0.01655227 0.02609213 0.01531856 0.01531856 0.1396924
[5,]  1 1     0.4 0.01646051 0.02504831 0.01537354 0.01537354 0.1369382
[6,]  1 1     0.5 0.01639966 0.02550612 0.01528450 0.01528450 0.1325836
[7,]  1 1     0.6 0.01606949 0.02547011 0.01507862 0.01507862 0.1488008
     indep.1st indep.mean indep.mcvar
[1,] 0.4335251 0.09868604  0.09868604
[2,] 0.4621955 0.09683918  0.09683918
[3,] 0.4734301 0.10338645  0.10338645
[4,] 0.4524337 0.09878498  0.09878498
[5,] 0.4660423 0.10032035  0.10032035
[6,] 0.4518128 0.09855664  0.09855664
[7,] 0.4733115 0.10908303  0.10908303
CI coverage rate:
     xi a trt.eff  vcov.med  vcov.1st vcov.mean vcov.mcvar indep.med indep.1st
[1,]  1 1     0.0 0.9700000 0.9280000 0.9750000  0.9533333 0.6386667 0.4006667
[2,]  1 1     0.1 0.9740000 0.9286667 0.9793333  0.9563333 0.6506667 0.3913333
[3,]  1 1     0.2 0.9703333 0.9160000 0.9776667  0.9516667 0.6346667 0.3756667
[4,]  1 1     0.3 0.9690000 0.9150000 0.9753333  0.9523333 0.6426667 0.3986667
[5,]  1 1     0.4 0.9703333 0.9210000 0.9760000  0.9520000 0.6396667 0.3833333
[6,]  1 1     0.5 0.9693333 0.9176667 0.9766667  0.9500000 0.6480000 0.4060000
[7,]  1 1     0.6 0.9710000 0.9216667 0.9763333  0.9506667 0.6126667 0.3753333
     indep.mean indep.mcvar
[1,]  0.7276667           1
[2,]  0.7263333           1
[3,]  0.7173333           1
[4,]  0.7166667           1
[5,]  0.7050000           1
[6,]  0.7173333           1
[7,]  0.6956667           1
