1 1 1 Tue May  6 10:51:41 2025 
1 1 2 Tue May  6 11:05:45 2025 
1 1 3 Tue May  6 11:19:41 2025 
1 1 4 Tue May  6 11:33:36 2025 
1 1 5 Tue May  6 11:47:30 2025 
1 1 6 Tue May  6 12:01:02 2025 
1 1 7 Tue May  6 12:14:28 2025 
OC:
     xi a trt.eff   vcov.med  vcov.1st   vcov.mean vcov.mcvar indep.med
[1,]  1 1     0.0 0.01266667 0.0560000 0.001333333  0.0540000 0.8850000
[2,]  1 1     0.1 0.04500000 0.1090000 0.015666667  0.1396667 0.8846667
[3,]  1 1     0.2 0.23333333 0.3023333 0.113333333  0.4503333 0.8853333
[4,]  1 1     0.3 0.56700000 0.5520000 0.364000000  0.7793333 0.9016667
[5,]  1 1     0.4 0.86366667 0.7913333 0.719000000  0.9556667 0.9173333
[6,]  1 1     0.5 0.97333333 0.9303333 0.924000000  0.9940000 0.9356667
[7,]  1 1     0.6 0.99800000 0.9840000 0.990666667  0.9996667 0.9470000
     indep.1st indep.mean  indep.mcvar
[1,] 0.6926667  0.1636667 0.0000000000
[2,] 0.6840000  0.1786667 0.0000000000
[3,] 0.6913333  0.1733333 0.0000000000
[4,] 0.6973333  0.1910000 0.0003333333
[5,] 0.7200000  0.2180000 0.0000000000
[6,] 0.7253333  0.2506667 0.0000000000
[7,] 0.7550000  0.2870000 0.0000000000
Bias:
     xi a trt.eff      vcov.med      vcov.1st     vcov.mean    vcov.mcvar
[1,]  1 1     0.0  0.0012752514  0.0049611684  0.0015083627  0.0015083627
[2,]  1 1     0.1  0.0004154464  0.0010507733  0.0002037931  0.0002037931
[3,]  1 1     0.2  0.0027058691  0.0053666903  0.0027364985  0.0027364985
[4,]  1 1     0.3 -0.0018013561 -0.0017604147 -0.0013637251 -0.0013637251
[5,]  1 1     0.4  0.0021473796  0.0004089058  0.0016857278  0.0016857278
[6,]  1 1     0.5 -0.0028349300 -0.0020817495 -0.0028277618 -0.0028277618
[7,]  1 1     0.6 -0.0014489034 -0.0015136249 -0.0007856037 -0.0007856037
         indep.med     indep.1st   indep.mean  indep.mcvar
[1,] -0.0009630953  0.0217091835 -0.001141068 -0.001141068
[2,]  0.0074021751 -0.0021877364  0.008538062  0.008538062
[3,] -0.0016384657  0.0440238561 -0.000566130 -0.000566130
[4,]  0.0034877003  0.0006651721  0.005223894  0.005223894
[5,]  0.0006825817 -0.0019432662 -0.003198767 -0.003198767
[6,] -0.0121518916 -0.0135935766 -0.005169118 -0.005169118
[7,] -0.0010913256 -0.0260058796  0.002180243  0.002180243
MSE:
     xi a trt.eff   vcov.med   vcov.1st  vcov.mean vcov.mcvar  indep.med
[1,]  1 1     0.0 0.01254206 0.02115546 0.01193888 0.01193888 0.09377349
[2,]  1 1     0.1 0.01175408 0.02090404 0.01139816 0.01139816 0.08945392
[3,]  1 1     0.2 0.01202311 0.02062320 0.01158819 0.01158819 0.08884965
[4,]  1 1     0.3 0.01233528 0.02172022 0.01203480 0.01203480 0.09425757
[5,]  1 1     0.4 0.01203383 0.02112755 0.01160476 0.01160476 0.09731605
[6,]  1 1     0.5 0.01232163 0.02119066 0.01183077 0.01183077 0.09043661
[7,]  1 1     0.6 0.01165560 0.02100738 0.01140918 0.01140918 0.09242645
     indep.1st indep.mean indep.mcvar
[1,] 0.6246748 0.07203953  0.07203953
[2,] 0.5882660 0.06712678  0.06712678
[3,] 0.5869093 0.06771646  0.06771646
[4,] 0.6180165 0.07214729  0.07214729
[5,] 0.6105784 0.07271637  0.07271637
[6,] 0.6164992 0.06959975  0.06959975
[7,] 0.6421851 0.06949041  0.06949041
CI coverage rate:
     xi a trt.eff  vcov.med  vcov.1st vcov.mean vcov.mcvar indep.med indep.1st
[1,]  1 1     0.0 0.9870000 0.9440000 0.9910000  0.9460000 0.6893333 0.3073333
[2,]  1 1     0.1 0.9863333 0.9436667 0.9873333  0.9510000 0.7103333 0.3100000
[3,]  1 1     0.2 0.9906667 0.9466667 0.9933333  0.9550000 0.7126667 0.3290000
[4,]  1 1     0.3 0.9886667 0.9426667 0.9883333  0.9463333 0.6923333 0.3123333
[5,]  1 1     0.4 0.9893333 0.9460000 0.9910000  0.9503333 0.6833333 0.3160000
[6,]  1 1     0.5 0.9890000 0.9460000 0.9900000  0.9536667 0.7076667 0.3103333
[7,]  1 1     0.6 0.9923333 0.9443333 0.9943333  0.9523333 0.6926667 0.3043333
     indep.mean indep.mcvar
[1,]  0.7633333           1
[2,]  0.7920000           1
[3,]  0.7873333           1
[4,]  0.7673333           1
[5,]  0.7723333           1
[6,]  0.7816667           1
[7,]  0.7753333           1
