1 1 1 Tue May  6 10:51:41 2025 
1 1 2 Tue May  6 11:05:57 2025 
1 1 3 Tue May  6 11:20:07 2025 
1 1 4 Tue May  6 11:34:17 2025 
1 1 5 Tue May  6 11:48:27 2025 
1 1 6 Tue May  6 12:02:29 2025 
1 1 7 Tue May  6 12:16:31 2025 
OC:
     xi a trt.eff   vcov.med   vcov.1st   vcov.mean vcov.mcvar indep.med
[1,]  1 1     0.0 0.02200000 0.08633333 0.004666667  0.0530000 0.7586667
[2,]  1 1     0.1 0.06366667 0.14233333 0.017000000  0.1236667 0.7756667
[3,]  1 1     0.2 0.26000000 0.31066667 0.114666667  0.3830000 0.7866667
[4,]  1 1     0.3 0.55800000 0.55933333 0.358000000  0.7110000 0.8100000
[5,]  1 1     0.4 0.83500000 0.77600000 0.667000000  0.9193333 0.8426667
[6,]  1 1     0.5 0.96733333 0.91600000 0.894000000  0.9893333 0.8966667
[7,]  1 1     0.6 0.99500000 0.97333333 0.975666667  0.9993333 0.9303333
     indep.1st indep.mean indep.mcvar
[1,] 0.6376667 0.09733333           0
[2,] 0.6230000 0.08800000           0
[3,] 0.6310000 0.11033333           0
[4,] 0.6553333 0.12566667           0
[5,] 0.6746667 0.13933333           0
[6,] 0.7080000 0.20400000           0
[7,] 0.7346667 0.23900000           0
Bias:
     xi a trt.eff      vcov.med      vcov.1st    vcov.mean   vcov.mcvar
[1,]  1 1     0.0  0.0010634268  0.0002357185  0.001191846  0.001191846
[2,]  1 1     0.1 -0.0036342192 -0.0016279117 -0.003455654 -0.003455654
[3,]  1 1     0.2  0.0009185437 -0.0008379162  0.000504191  0.000504191
[4,]  1 1     0.3  0.0027353020  0.0046204640  0.002886305  0.002886305
[5,]  1 1     0.4  0.0037437834  0.0041413772  0.003018331  0.003018331
[6,]  1 1     0.5  0.0019010720 -0.0018163302  0.001113712  0.001113712
[7,]  1 1     0.6 -0.0043750023 -0.0041346183 -0.003659990 -0.003659990
        indep.med    indep.1st    indep.mean   indep.mcvar
[1,] -0.001026170 -0.021423094 -0.0002026342 -0.0002026342
[2,] -0.004640282 -0.008546936 -0.0007170750 -0.0007170750
[3,]  0.002630506  0.003046972  0.0025959447  0.0025959447
[4,]  0.004886827  0.017240213  0.0071247316  0.0071247316
[5,] -0.006658922  0.011367033 -0.0011451245 -0.0011451245
[6,]  0.002666623 -0.001634240  0.0050816468  0.0050816468
[7,] -0.002025216  0.014686370 -0.0005475448 -0.0005475448
MSE:
     xi a trt.eff   vcov.med   vcov.1st  vcov.mean vcov.mcvar  indep.med
[1,]  1 1     0.0 0.01474035 0.02664325 0.01433409 0.01433409 0.07823032
[2,]  1 1     0.1 0.01432311 0.02497731 0.01389018 0.01389018 0.07793004
[3,]  1 1     0.2 0.01501991 0.02637165 0.01445752 0.01445752 0.07768565
[4,]  1 1     0.3 0.01425292 0.02495225 0.01375703 0.01375703 0.07573674
[5,]  1 1     0.4 0.01446105 0.02604993 0.01401770 0.01401770 0.07338842
[6,]  1 1     0.5 0.01420767 0.02451424 0.01370386 0.01370386 0.07746672
[7,]  1 1     0.6 0.01547687 0.02640185 0.01496500 0.01496500 0.07337106
     indep.1st indep.mean indep.mcvar
[1,] 0.5006612 0.05865670  0.05865670
[2,] 0.4543299 0.06019331  0.06019331
[3,] 0.4595970 0.05992387  0.05992387
[4,] 0.4600823 0.05791055  0.05791055
[5,] 0.4735957 0.05748776  0.05748776
[6,] 0.4515870 0.05987296  0.05987296
[7,] 0.4553434 0.05691359  0.05691359
CI coverage rate:
     xi a trt.eff  vcov.med  vcov.1st vcov.mean vcov.mcvar indep.med indep.1st
[1,]  1 1     0.0 0.9763333 0.9136667 0.9786667  0.9470000 0.7686667 0.3623333
[2,]  1 1     0.1 0.9770000 0.9163333 0.9810000  0.9496667 0.7793333 0.3746667
[3,]  1 1     0.2 0.9796667 0.9156667 0.9816667  0.9470000 0.7823333 0.3873333
[4,]  1 1     0.3 0.9810000 0.9123333 0.9833333  0.9536667 0.7906667 0.3963333
[5,]  1 1     0.4 0.9793333 0.9170000 0.9806667  0.9490000 0.7893333 0.3706667
[6,]  1 1     0.5 0.9823333 0.9243333 0.9870000  0.9543333 0.7723333 0.3833333
[7,]  1 1     0.6 0.9763333 0.9113333 0.9766667  0.9410000 0.7876667 0.3813333
     indep.mean indep.mcvar
[1,]  0.8323333           1
[2,]  0.8370000           1
[3,]  0.8423333           1
[4,]  0.8450000           1
[5,]  0.8430000           1
[6,]  0.8363333           1
[7,]  0.8436667           1
