1 1 1 Tue May  6 10:51:41 2025 
1 1 2 Tue May  6 11:00:12 2025 
1 1 3 Tue May  6 11:08:38 2025 
1 1 4 Tue May  6 11:17:04 2025 
1 1 5 Tue May  6 11:25:30 2025 
1 1 6 Tue May  6 11:33:55 2025 
1 1 7 Tue May  6 11:42:20 2025 
OC:
     xi a trt.eff   vcov.med   vcov.1st   vcov.mean vcov.mcvar indep.med
[1,]  1 1     0.0 0.01566667 0.05466667 0.004333333 0.05033333 0.8206667
[2,]  1 1     0.1 0.06166667 0.11600000 0.027333333 0.13766667 0.8303333
[3,]  1 1     0.2 0.26200000 0.30900000 0.139666667 0.44500000 0.8380000
[4,]  1 1     0.3 0.56133333 0.56100000 0.405666667 0.74133333 0.8486667
[5,]  1 1     0.4 0.83833333 0.78766667 0.729333333 0.93833333 0.8770000
[6,]  1 1     0.5 0.96666667 0.93200000 0.928000000 0.99300000 0.8853333
[7,]  1 1     0.6 0.99800000 0.98700000 0.993666667 0.99933333 0.8996667
     indep.1st indep.mean  indep.mcvar
[1,] 0.6873333  0.3176667 0.0000000000
[2,] 0.6836667  0.3200000 0.0003333333
[3,] 0.6973333  0.3260000 0.0000000000
[4,] 0.6963333  0.3370000 0.0000000000
[5,] 0.7346667  0.3793333 0.0003333333
[6,] 0.7486667  0.3996667 0.0013333333
[7,] 0.7486667  0.4333333 0.0030000000
Bias:
     xi a trt.eff      vcov.med      vcov.1st     vcov.mean    vcov.mcvar
[1,]  1 1     0.0  0.0025650573  0.0027150914  2.845795e-03  2.845795e-03
[2,]  1 1     0.1  0.0018956050  0.0048066106 -6.555871e-05 -6.555871e-05
[3,]  1 1     0.2  0.0055740158  0.0041986829  5.476473e-03  5.476473e-03
[4,]  1 1     0.3 -0.0007902205  0.0007518372  2.438122e-04  2.438122e-04
[5,]  1 1     0.4  0.0013291739 -0.0003617409  1.087870e-03  1.087870e-03
[6,]  1 1     0.5  0.0019384949  0.0007734738  1.972147e-03  1.972147e-03
[7,]  1 1     0.6  0.0020059241  0.0043129335  1.591135e-03  1.591135e-03
        indep.med    indep.1st   indep.mean  indep.mcvar
[1,]  0.001527218 -0.012011932 -0.004606742 -0.004606742
[2,]  0.003350772  0.004473797  0.002714262  0.002714262
[3,]  0.003432474 -0.006173081  0.001674972  0.001674972
[4,] -0.003117442 -0.015994140 -0.002477239 -0.002477239
[5,]  0.013856067  0.017791284  0.011165911  0.011165911
[6,] -0.001962816  0.005453285  0.003119990  0.003119990
[7,]  0.003330460 -0.002614452  0.008275283  0.008275283
MSE:
     xi a trt.eff   vcov.med   vcov.1st  vcov.mean vcov.mcvar indep.med
[1,]  1 1     0.0 0.01326042 0.02126725 0.01240030 0.01240030 0.1847809
[2,]  1 1     0.1 0.01360100 0.02126105 0.01270479 0.01270479 0.1879005
[3,]  1 1     0.2 0.01388466 0.02129981 0.01277244 0.01277244 0.1851957
[4,]  1 1     0.3 0.01367438 0.02157495 0.01282709 0.01282709 0.1764443
[5,]  1 1     0.4 0.01410580 0.02157227 0.01293222 0.01293222 0.1794988
[6,]  1 1     0.5 0.01367303 0.02107806 0.01255139 0.01255139 0.1892513
[7,]  1 1     0.6 0.01340578 0.02037418 0.01251795 0.01251795 0.1907436
     indep.1st indep.mean indep.mcvar
[1,] 0.6377796  0.1280882   0.1280882
[2,] 0.6473372  0.1330173   0.1330173
[3,] 0.5981888  0.1314345   0.1314345
[4,] 0.5952303  0.1308825   0.1308825
[5,] 0.6040039  0.1295581   0.1295581
[6,] 0.6059860  0.1396856   0.1396856
[7,] 0.5913275  0.1356416   0.1356416
CI coverage rate:
     xi a trt.eff  vcov.med  vcov.1st vcov.mean vcov.mcvar indep.med indep.1st
[1,]  1 1     0.0 0.9843333 0.9453333 0.9870000  0.9496667 0.5340000 0.3126667
[2,]  1 1     0.1 0.9840000 0.9386667 0.9860000  0.9506667 0.5330000 0.3106667
[3,]  1 1     0.2 0.9806667 0.9413333 0.9850000  0.9510000 0.5343333 0.3116667
[4,]  1 1     0.3 0.9856667 0.9476667 0.9896667  0.9503333 0.5383333 0.3233333
[5,]  1 1     0.4 0.9816667 0.9353333 0.9860000  0.9470000 0.5390000 0.3236667
[6,]  1 1     0.5 0.9843333 0.9433333 0.9900000  0.9506667 0.5326667 0.3176667
[7,]  1 1     0.6 0.9856667 0.9486667 0.9883333  0.9556667 0.5346667 0.3093333
     indep.mean indep.mcvar
[1,]  0.6323333   1.0000000
[2,]  0.6273333   0.9996667
[3,]  0.6270000   1.0000000
[4,]  0.6143333   1.0000000
[5,]  0.6290000   1.0000000
[6,]  0.6073333   1.0000000
[7,]  0.6243333   1.0000000
